
> xingfuli-backend@1.0.0 start:dev
> nest start --watch

[2J[3J[H[[90m11:31:40 PM[0m] Starting compilation in watch mode...

[[90m11:31:43 PM[0m] Found 0 errors. Watching for file changes.

(node:27008) [DEP0040] DeprecationWarning: The `punycode` module is deprecated. Please use a userland alternative instead.
(Use `node --trace-deprecation ...` to show where the warning was created)
[Nest] 27008  - 01/21/2026, 11:31:44 PM     LOG [NestFactory] Starting Nest application...
[Nest] 27008  - 01/21/2026, 11:31:44 PM     LOG [InstanceLoader] TypeOrmModule dependencies initialized +9ms
[Nest] 27008  - 01/21/2026, 11:31:44 PM     LOG [InstanceLoader] PassportModule dependencies initialized +1ms
[Nest] 27008  - 01/21/2026, 11:31:44 PM     LOG [InstanceLoader] ProfileModule dependencies initialized +0ms
[Nest] 27008  - 01/21/2026, 11:31:44 PM     LOG [InstanceLoader] ConfigHostModule dependencies initialized +0ms
[Nest] 27008  - 01/21/2026, 11:31:44 PM     LOG [InstanceLoader] AppModule dependencies initialized +0ms
[Nest] 27008  - 01/21/2026, 11:31:44 PM     LOG [InstanceLoader] ConfigModule dependencies initialized +0ms
[Nest] 27008  - 01/21/2026, 11:31:44 PM     LOG [InstanceLoader] SharedModule dependencies initialized +37ms
[Nest] 27008  - 01/21/2026, 11:31:44 PM     LOG [InstanceLoader] JwtModule dependencies initialized +0ms
[Nest] 27008  - 01/21/2026, 11:31:44 PM     LOG [InstanceLoader] UploadModule dependencies initialized +1ms
query: SELECT version()
[Nest] 27008  - 01/21/2026, 11:31:44 PM     LOG [InstanceLoader] TypeOrmCoreModule dependencies initialized +28ms
[Nest] 27008  - 01/21/2026, 11:31:44 PM     LOG [InstanceLoader] TypeOrmModule dependencies initialized +0ms
[Nest] 27008  - 01/21/2026, 11:31:44 PM     LOG [InstanceLoader] TypeOrmModule dependencies initialized +0ms
[Nest] 27008  - 01/21/2026, 11:31:44 PM     LOG [InstanceLoader] TypeOrmModule dependencies initialized +0ms
[Nest] 27008  - 01/21/2026, 11:31:44 PM     LOG [InstanceLoader] TypeOrmModule dependencies initialized +0ms
[Nest] 27008  - 01/21/2026, 11:31:44 PM     LOG [InstanceLoader] TypeOrmModule dependencies initialized +0ms
[Nest] 27008  - 01/21/2026, 11:31:44 PM     LOG [InstanceLoader] TypeOrmModule dependencies initialized +0ms
[Nest] 27008  - 01/21/2026, 11:31:44 PM     LOG [InstanceLoader] TypeOrmModule dependencies initialized +0ms
[Nest] 27008  - 01/21/2026, 11:31:44 PM     LOG [InstanceLoader] AuthModule dependencies initialized +0ms
[Nest] 27008  - 01/21/2026, 11:31:44 PM     LOG [InstanceLoader] StoreModule dependencies initialized +0ms
[Nest] 27008  - 01/21/2026, 11:31:44 PM     LOG [InstanceLoader] MvModule dependencies initialized +0ms
[Nest] 27008  - 01/21/2026, 11:31:44 PM     LOG [InstanceLoader] AssessmentModule dependencies initialized +0ms
[Nest] 27008  - 01/21/2026, 11:31:44 PM     LOG [InstanceLoader] MatchModule dependencies initialized +0ms
[Nest] 27008  - 01/21/2026, 11:31:44 PM     LOG [InstanceLoader] ServiceTrackModule dependencies initialized +0ms
[Nest] 27008  - 01/21/2026, 11:31:44 PM     LOG [InstanceLoader] UserModule dependencies initialized +0ms
[Nest] 27008  - 01/21/2026, 11:31:44 PM     LOG [RoutesResolver] AppController {/api/v1}: +3ms
[Nest] 27008  - 01/21/2026, 11:31:44 PM     LOG [RouterExplorer] Mapped {/api/v1, GET} route +1ms
[Nest] 27008  - 01/21/2026, 11:31:44 PM     LOG [RouterExplorer] Mapped {/api/v1/health, GET} route +0ms
[Nest] 27008  - 01/21/2026, 11:31:44 PM     LOG [RoutesResolver] AuthController {/api/v1/auth}: +0ms
[Nest] 27008  - 01/21/2026, 11:31:44 PM     LOG [RouterExplorer] Mapped {/api/v1/auth/login/sys, POST} route +0ms
[Nest] 27008  - 01/21/2026, 11:31:44 PM     LOG [RouterExplorer] Mapped {/api/v1/auth/login/app, POST} route +0ms
[Nest] 27008  - 01/21/2026, 11:31:44 PM     LOG [RoutesResolver] StoreController {/api/v1/stores}: +0ms
[Nest] 27008  - 01/21/2026, 11:31:44 PM     LOG [RouterExplorer] Mapped {/api/v1/stores, POST} route +0ms
[Nest] 27008  - 01/21/2026, 11:31:44 PM     LOG [RouterExplorer] Mapped {/api/v1/stores/mv-templates/list, GET} route +0ms
[Nest] 27008  - 01/21/2026, 11:31:44 PM     LOG [RouterExplorer] Mapped {/api/v1/stores, GET} route +0ms
[Nest] 27008  - 01/21/2026, 11:31:44 PM     LOG [RouterExplorer] Mapped {/api/v1/stores/:id, GET} route +1ms
[Nest] 27008  - 01/21/2026, 11:31:44 PM     LOG [RouterExplorer] Mapped {/api/v1/stores/:id, PATCH} route +0ms
[Nest] 27008  - 01/21/2026, 11:31:44 PM     LOG [RouterExplorer] Mapped {/api/v1/stores/:id/toggle-status, PATCH} route +0ms
[Nest] 27008  - 01/21/2026, 11:31:44 PM     LOG [RouterExplorer] Mapped {/api/v1/stores/:id, DELETE} route +0ms
[Nest] 27008  - 01/21/2026, 11:31:44 PM     LOG [RoutesResolver] UserController {/api/v1/users}: +0ms
[Nest] 27008  - 01/21/2026, 11:31:44 PM     LOG [RouterExplorer] Mapped {/api/v1/users/register/app, POST} route +0ms
[Nest] 27008  - 01/21/2026, 11:31:44 PM     LOG [RouterExplorer] Mapped {/api/v1/users/register/sys, POST} route +0ms
[Nest] 27008  - 01/21/2026, 11:31:44 PM     LOG [RouterExplorer] Mapped {/api/v1/users/sys, POST} route +0ms
[Nest] 27008  - 01/21/2026, 11:31:44 PM     LOG [RouterExplorer] Mapped {/api/v1/users/sys, GET} route +0ms
[Nest] 27008  - 01/21/2026, 11:31:44 PM     LOG [RouterExplorer] Mapped {/api/v1/users/sys/:id/approve, PATCH} route +0ms
[Nest] 27008  - 01/21/2026, 11:31:44 PM     LOG [RouterExplorer] Mapped {/api/v1/users/sys/:id/status, PATCH} route +0ms
[Nest] 27008  - 01/21/2026, 11:31:44 PM     LOG [RouterExplorer] Mapped {/api/v1/users/sys/:id/role, PATCH} route +1ms
[Nest] 27008  - 01/21/2026, 11:31:44 PM     LOG [RouterExplorer] Mapped {/api/v1/users/sys/:id/reset-password, PATCH} route +0ms
[Nest] 27008  - 01/21/2026, 11:31:44 PM     LOG [RouterExplorer] Mapped {/api/v1/users/debug-profile, GET} route +0ms
[Nest] 27008  - 01/21/2026, 11:31:44 PM     LOG [RouterExplorer] Mapped {/api/v1/users/app, GET} route +0ms
[Nest] 27008  - 01/21/2026, 11:31:44 PM     LOG [RouterExplorer] Mapped {/api/v1/users/profile/:userId, GET} route +0ms
[Nest] 27008  - 01/21/2026, 11:31:44 PM     LOG [RouterExplorer] Mapped {/api/v1/users/profile/:userId, PATCH} route +0ms
[Nest] 27008  - 01/21/2026, 11:31:44 PM     LOG [RouterExplorer] Mapped {/api/v1/users/fix-profiles, POST} route +0ms
[Nest] 27008  - 01/21/2026, 11:31:44 PM     LOG [RoutesResolver] UploadController {/api/v1/upload}: +0ms
[Nest] 27008  - 01/21/2026, 11:31:44 PM     LOG [RouterExplorer] Mapped {/api/v1/upload/image, POST} route +0ms
[Nest] 27008  - 01/21/2026, 11:31:44 PM     LOG [RoutesResolver] AssessmentController {/api/v1/assessments}: +0ms
[Nest] 27008  - 01/21/2026, 11:31:44 PM     LOG [RouterExplorer] Mapped {/api/v1/assessments/enneagram/questions, GET} route +0ms
[Nest] 27008  - 01/21/2026, 11:31:44 PM     LOG [RouterExplorer] Mapped {/api/v1/assessments/enneagram/submit, POST} route +0ms
[Nest] 27008  - 01/21/2026, 11:31:44 PM     LOG [RouterExplorer] Mapped {/api/v1/assessments/attachment/questions, GET} route +0ms
[Nest] 27008  - 01/21/2026, 11:31:44 PM     LOG [RouterExplorer] Mapped {/api/v1/assessments/attachment/submit, POST} route +0ms
[Nest] 27008  - 01/21/2026, 11:31:44 PM     LOG [RouterExplorer] Mapped {/api/v1/assessments/happiness/questions, GET} route +0ms
[Nest] 27008  - 01/21/2026, 11:31:44 PM     LOG [RouterExplorer] Mapped {/api/v1/assessments/happiness/submit, POST} route +0ms
[Nest] 27008  - 01/21/2026, 11:31:44 PM     LOG [RouterExplorer] Mapped {/api/v1/assessments/history/:userId, GET} route +0ms
[Nest] 27008  - 01/21/2026, 11:31:44 PM     LOG [RouterExplorer] Mapped {/api/v1/assessments/latest/:userId, GET} route +0ms
[Nest] 27008  - 01/21/2026, 11:31:44 PM     LOG [RoutesResolver] MvController {/api/v1/mv}: +0ms
[Nest] 27008  - 01/21/2026, 11:31:44 PM     LOG [RouterExplorer] Mapped {/api/v1/mv/test, GET} route +0ms
[Nest] 27008  - 01/21/2026, 11:31:44 PM     LOG [RouterExplorer] Mapped {/api/v1/mv/calculate/:userId, POST} route +0ms
[Nest] 27008  - 01/21/2026, 11:31:44 PM     LOG [RoutesResolver] MatchController {/api/v1/matches}: +0ms
[Nest] 27008  - 01/21/2026, 11:31:44 PM     LOG [RouterExplorer] Mapped {/api/v1/matches/initiate, POST} route +0ms
[Nest] 27008  - 01/21/2026, 11:31:44 PM     LOG [RouterExplorer] Mapped {/api/v1/matches, GET} route +0ms
[Nest] 27008  - 01/21/2026, 11:31:44 PM     LOG [RouterExplorer] Mapped {/api/v1/matches/detail/:id, GET} route +0ms
[Nest] 27008  - 01/21/2026, 11:31:44 PM     LOG [RoutesResolver] ServiceTrackController {/api/v1/service-tracks}: +0ms
[Nest] 27008  - 01/21/2026, 11:31:44 PM     LOG [RouterExplorer] Mapped {/api/v1/service-tracks, POST} route +1ms
[Nest] 27008  - 01/21/2026, 11:31:44 PM     LOG [RouterExplorer] Mapped {/api/v1/service-tracks, GET} route +0ms
[Nest] 27008  - 01/21/2026, 11:31:44 PM     LOG [RouterExplorer] Mapped {/api/v1/service-tracks/:id, GET} route +0ms
[Nest] 27008  - 01/21/2026, 11:31:44 PM     LOG [RouterExplorer] Mapped {/api/v1/service-tracks/:id, PUT} route +0ms
✅ Redis连接成功
✅ Redis连接成功（ID生成器）
[Nest] 27008  - 01/21/2026, 11:31:44 PM     LOG [NestApplication] Nest application successfully started +5ms
🚀 Application is running on: http://localhost:3000/api/v1
query: SELECT DISTINCT `distinctAlias`.`AppUserProfile_user_id` AS `ids_AppUserProfile_user_id` FROM (SELECT `AppUserProfile`.`user_id` AS `AppUserProfile_user_id`, `AppUserProfile`.`base_info` AS `AppUserProfile_base_info`, `AppUserProfile`.`ext_info` AS `AppUserProfile_ext_info`, `AppUserProfile`.`mv_score` AS `AppUserProfile_mv_score`, `AppUserProfile`.`mv_detail` AS `AppUserProfile_mv_detail`, `AppUserProfile`.`service_matchmaker_id` AS `AppUserProfile_service_matchmaker_id`, `AppUserProfile`.`created_at` AS `AppUserProfile_created_at`, `AppUserProfile`.`updated_at` AS `AppUserProfile_updated_at`, `AppUserProfile__AppUserProfile_user`.`id` AS `AppUserProfile__AppUserProfile_user_id`, `AppUserProfile__AppUserProfile_user`.`store_id` AS `AppUserProfile__AppUserProfile_user_store_id`, `AppUserProfile__AppUserProfile_user`.`phone` AS `AppUserProfile__AppUserProfile_user_phone`, `AppUserProfile__AppUserProfile_user`.`password` AS `AppUserProfile__AppUserProfile_user_password`, `AppUserProfile__AppUserProfile_user`.`status` AS `AppUserProfile__AppUserProfile_user_status`, `AppUserProfile__AppUserProfile_user`.`created_at` AS `AppUserProfile__AppUserProfile_user_created_at`, `AppUserProfile__AppUserProfile_user`.`updated_at` AS `AppUserProfile__AppUserProfile_user_updated_at` FROM `app_user_profile` `AppUserProfile` LEFT JOIN `app_user` `AppUserProfile__AppUserProfile_user` ON `AppUserProfile__AppUserProfile_user`.`id`=`AppUserProfile`.`user_id` WHERE ((`AppUserProfile`.`user_id` = ?))) `distinctAlias` ORDER BY `AppUserProfile_user_id` ASC LIMIT 1 -- PARAMETERS: ["XFL00100003"]
query: SELECT `AppUserProfile`.`user_id` AS `AppUserProfile_user_id`, `AppUserProfile`.`base_info` AS `AppUserProfile_base_info`, `AppUserProfile`.`ext_info` AS `AppUserProfile_ext_info`, `AppUserProfile`.`mv_score` AS `AppUserProfile_mv_score`, `AppUserProfile`.`mv_detail` AS `AppUserProfile_mv_detail`, `AppUserProfile`.`service_matchmaker_id` AS `AppUserProfile_service_matchmaker_id`, `AppUserProfile`.`created_at` AS `AppUserProfile_created_at`, `AppUserProfile`.`updated_at` AS `AppUserProfile_updated_at`, `AppUserProfile__AppUserProfile_user`.`id` AS `AppUserProfile__AppUserProfile_user_id`, `AppUserProfile__AppUserProfile_user`.`store_id` AS `AppUserProfile__AppUserProfile_user_store_id`, `AppUserProfile__AppUserProfile_user`.`phone` AS `AppUserProfile__AppUserProfile_user_phone`, `AppUserProfile__AppUserProfile_user`.`password` AS `AppUserProfile__AppUserProfile_user_password`, `AppUserProfile__AppUserProfile_user`.`status` AS `AppUserProfile__AppUserProfile_user_status`, `AppUserProfile__AppUserProfile_user`.`created_at` AS `AppUserProfile__AppUserProfile_user_created_at`, `AppUserProfile__AppUserProfile_user`.`updated_at` AS `AppUserProfile__AppUserProfile_user_updated_at` FROM `app_user_profile` `AppUserProfile` LEFT JOIN `app_user` `AppUserProfile__AppUserProfile_user` ON `AppUserProfile__AppUserProfile_user`.`id`=`AppUserProfile`.`user_id` WHERE ( ((`AppUserProfile`.`user_id` = ?)) ) AND ( `AppUserProfile`.`user_id` IN (?) ) -- PARAMETERS: ["XFL00100003","XFL00100003"]
query: SELECT `AssessmentRecord`.`id` AS `AssessmentRecord_id`, `AssessmentRecord`.`user_id` AS `AssessmentRecord_user_id`, `AssessmentRecord`.`type` AS `AssessmentRecord_type`, `AssessmentRecord`.`answers` AS `AssessmentRecord_answers`, `AssessmentRecord`.`result_data` AS `AssessmentRecord_result_data`, `AssessmentRecord`.`raw_scores` AS `AssessmentRecord_raw_scores`, `AssessmentRecord`.`is_latest` AS `AssessmentRecord_is_latest`, `AssessmentRecord`.`created_at` AS `AssessmentRecord_created_at`, `AssessmentRecord`.`updated_at` AS `AssessmentRecord_updated_at` FROM `assessment_record` `AssessmentRecord` WHERE ((`AssessmentRecord`.`user_id` = ?)) ORDER BY `AssessmentRecord`.`created_at` DESC -- PARAMETERS: ["XFL00100003"]
query: SELECT `SysUser`.`id` AS `SysUser_id`, `SysUser`.`store_id` AS `SysUser_store_id`, `SysUser`.`username` AS `SysUser_username`, `SysUser`.`phone` AS `SysUser_phone`, `SysUser`.`role` AS `SysUser_role`, `SysUser`.`status` AS `SysUser_status`, `SysUser`.`created_at` AS `SysUser_created_at`, `SysUser`.`updated_at` AS `SysUser_updated_at` FROM `sys_user` `SysUser` WHERE ((`SysUser`.`store_id` = ?) AND (`SysUser`.`role` = ?)) ORDER BY `SysUser_created_at` DESC -- PARAMETERS: ["XFL001","matchmaker"]
query: SELECT `AppUser`.`id` AS `AppUser_id`, `AppUser`.`store_id` AS `AppUser_store_id`, `AppUser`.`phone` AS `AppUser_phone`, `AppUser`.`password` AS `AppUser_password`, `AppUser`.`status` AS `AppUser_status`, `AppUser`.`created_at` AS `AppUser_created_at`, `AppUser`.`updated_at` AS `AppUser_updated_at` FROM `app_user` `AppUser` WHERE ((`AppUser`.`id` = ?)) LIMIT 1 -- PARAMETERS: ["XFL00100003"]
query: SELECT `AppUserProfile`.`user_id` AS `AppUserProfile_user_id`, `AppUserProfile`.`base_info` AS `AppUserProfile_base_info`, `AppUserProfile`.`ext_info` AS `AppUserProfile_ext_info`, `AppUserProfile`.`mv_score` AS `AppUserProfile_mv_score`, `AppUserProfile`.`mv_detail` AS `AppUserProfile_mv_detail`, `AppUserProfile`.`service_matchmaker_id` AS `AppUserProfile_service_matchmaker_id`, `AppUserProfile`.`created_at` AS `AppUserProfile_created_at`, `AppUserProfile`.`updated_at` AS `AppUserProfile_updated_at` FROM `app_user_profile` `AppUserProfile` WHERE ((`AppUserProfile`.`user_id` = ?)) LIMIT 1 -- PARAMETERS: ["XFL00100003"]
query: SELECT `Store`.`id` AS `Store_id`, `Store`.`name` AS `Store_name`, `Store`.`mv_template_id` AS `Store_mv_template_id`, `Store`.`business_license_name` AS `Store_business_license_name`, `Store`.`credit_code` AS `Store_credit_code`, `Store`.`province` AS `Store_province`, `Store`.`city` AS `Store_city`, `Store`.`district` AS `Store_district`, `Store`.`address` AS `Store_address`, `Store`.`contact_person` AS `Store_contact_person`, `Store`.`contact_phone` AS `Store_contact_phone`, `Store`.`contract_number` AS `Store_contract_number`, `Store`.`contract_start_date` AS `Store_contract_start_date`, `Store`.`contract_end_date` AS `Store_contract_end_date`, `Store`.`status` AS `Store_status`, `Store`.`created_at` AS `Store_created_at`, `Store`.`updated_at` AS `Store_updated_at` FROM `sys_store` `Store` WHERE ((`Store`.`id` = ?)) LIMIT 1 -- PARAMETERS: ["XFL001"]
query: SELECT `AssessmentRecord`.`id` AS `AssessmentRecord_id`, `AssessmentRecord`.`user_id` AS `AssessmentRecord_user_id`, `AssessmentRecord`.`type` AS `AssessmentRecord_type`, `AssessmentRecord`.`answers` AS `AssessmentRecord_answers`, `AssessmentRecord`.`result_data` AS `AssessmentRecord_result_data`, `AssessmentRecord`.`raw_scores` AS `AssessmentRecord_raw_scores`, `AssessmentRecord`.`is_latest` AS `AssessmentRecord_is_latest`, `AssessmentRecord`.`created_at` AS `AssessmentRecord_created_at`, `AssessmentRecord`.`updated_at` AS `AssessmentRecord_updated_at` FROM `assessment_record` `AssessmentRecord` WHERE ((`AssessmentRecord`.`user_id` = ?) AND (`AssessmentRecord`.`type` = ?) AND (`AssessmentRecord`.`is_latest` = ?)) ORDER BY `AssessmentRecord`.`created_at` DESC LIMIT 1 -- PARAMETERS: ["XFL00100003",1,1]
query: SELECT `AppUserProfile`.`user_id` AS `AppUserProfile_user_id`, `AppUserProfile`.`base_info` AS `AppUserProfile_base_info`, `AppUserProfile`.`ext_info` AS `AppUserProfile_ext_info`, `AppUserProfile`.`mv_score` AS `AppUserProfile_mv_score`, `AppUserProfile`.`mv_detail` AS `AppUserProfile_mv_detail`, `AppUserProfile`.`service_matchmaker_id` AS `AppUserProfile_service_matchmaker_id`, `AppUserProfile`.`created_at` AS `AppUserProfile_created_at`, `AppUserProfile`.`updated_at` AS `AppUserProfile_updated_at` FROM `app_user_profile` `AppUserProfile` WHERE ((`AppUserProfile`.`user_id` = ?)) -- PARAMETERS: ["XFL00100003"]
query: START TRANSACTION
query: UPDATE `app_user_profile` SET `mv_score` = ?, `mv_detail` = ?, `updated_at` = CURRENT_TIMESTAMP WHERE ((`user_id` = ?)) -- PARAMETERS: [92,"{\"age\":{\"value\":29,\"score\":10.5,\"label\":\"26-30岁\"},\"height\":{\"value\":165,\"score\":12.5,\"label\":\"164-168cm\"},\"bmi\":{\"value\":19.100091827364558,\"score\":12.5,\"label\":\"18.5-23.9正常\"},\"appearance\":{\"value\":\"清秀\",\"score\":10.5,\"label\":\"清秀/甜美\"},\"bra_cup\":{\"value\":\"C\",\"score\":12.5,\"label\":\"C\"},\"education\":{\"value\":\"一本\",\"score\":10.5,\"label\":\"普通一本\"},\"personality\":{\"value\":4,\"score\":10.5,\"label\":\"匹配到4\"},\"family\":{\"value\":\"父母健康（家庭和睦）\",\"score\":12.5,\"label\":\"父母恩爱，相互尊重（家庭有爱）\"}}","XFL00100003"]
query: SELECT `AppUserProfile`.`user_id` AS `AppUserProfile_user_id`, `AppUserProfile`.`updated_at` AS `AppUserProfile_updated_at` FROM `app_user_profile` `AppUserProfile` WHERE `AppUserProfile`.`user_id` = ? -- PARAMETERS: ["XFL00100003"]
query: COMMIT
query: SELECT `AppUser`.`id` AS `AppUser_id`, `AppUser`.`store_id` AS `AppUser_store_id`, `AppUser`.`phone` AS `AppUser_phone`, `AppUser`.`password` AS `AppUser_password`, `AppUser`.`status` AS `AppUser_status`, `AppUser`.`created_at` AS `AppUser_created_at`, `AppUser`.`updated_at` AS `AppUser_updated_at` FROM `app_user` `AppUser` WHERE ((`AppUser`.`id` = ?)) LIMIT 1 -- PARAMETERS: ["XFL00100003"]
query: SELECT `AppUserProfile`.`user_id` AS `AppUserProfile_user_id`, `AppUserProfile`.`base_info` AS `AppUserProfile_base_info`, `AppUserProfile`.`ext_info` AS `AppUserProfile_ext_info`, `AppUserProfile`.`mv_score` AS `AppUserProfile_mv_score`, `AppUserProfile`.`mv_detail` AS `AppUserProfile_mv_detail`, `AppUserProfile`.`service_matchmaker_id` AS `AppUserProfile_service_matchmaker_id`, `AppUserProfile`.`created_at` AS `AppUserProfile_created_at`, `AppUserProfile`.`updated_at` AS `AppUserProfile_updated_at` FROM `app_user_profile` `AppUserProfile` WHERE ((`AppUserProfile`.`user_id` = ?)) LIMIT 1 -- PARAMETERS: ["XFL00100003"]
query: SELECT `Store`.`id` AS `Store_id`, `Store`.`name` AS `Store_name`, `Store`.`mv_template_id` AS `Store_mv_template_id`, `Store`.`business_license_name` AS `Store_business_license_name`, `Store`.`credit_code` AS `Store_credit_code`, `Store`.`province` AS `Store_province`, `Store`.`city` AS `Store_city`, `Store`.`district` AS `Store_district`, `Store`.`address` AS `Store_address`, `Store`.`contact_person` AS `Store_contact_person`, `Store`.`contact_phone` AS `Store_contact_phone`, `Store`.`contract_number` AS `Store_contract_number`, `Store`.`contract_start_date` AS `Store_contract_start_date`, `Store`.`contract_end_date` AS `Store_contract_end_date`, `Store`.`status` AS `Store_status`, `Store`.`created_at` AS `Store_created_at`, `Store`.`updated_at` AS `Store_updated_at` FROM `sys_store` `Store` WHERE ((`Store`.`id` = ?)) LIMIT 1 -- PARAMETERS: ["XFL001"]
query: SELECT `AssessmentRecord`.`id` AS `AssessmentRecord_id`, `AssessmentRecord`.`user_id` AS `AssessmentRecord_user_id`, `AssessmentRecord`.`type` AS `AssessmentRecord_type`, `AssessmentRecord`.`answers` AS `AssessmentRecord_answers`, `AssessmentRecord`.`result_data` AS `AssessmentRecord_result_data`, `AssessmentRecord`.`raw_scores` AS `AssessmentRecord_raw_scores`, `AssessmentRecord`.`is_latest` AS `AssessmentRecord_is_latest`, `AssessmentRecord`.`created_at` AS `AssessmentRecord_created_at`, `AssessmentRecord`.`updated_at` AS `AssessmentRecord_updated_at` FROM `assessment_record` `AssessmentRecord` WHERE ((`AssessmentRecord`.`user_id` = ?) AND (`AssessmentRecord`.`type` = ?) AND (`AssessmentRecord`.`is_latest` = ?)) ORDER BY `AssessmentRecord`.`created_at` DESC LIMIT 1 -- PARAMETERS: ["XFL00100003",1,1]
query: SELECT `AppUserProfile`.`user_id` AS `AppUserProfile_user_id`, `AppUserProfile`.`base_info` AS `AppUserProfile_base_info`, `AppUserProfile`.`ext_info` AS `AppUserProfile_ext_info`, `AppUserProfile`.`mv_score` AS `AppUserProfile_mv_score`, `AppUserProfile`.`mv_detail` AS `AppUserProfile_mv_detail`, `AppUserProfile`.`service_matchmaker_id` AS `AppUserProfile_service_matchmaker_id`, `AppUserProfile`.`created_at` AS `AppUserProfile_created_at`, `AppUserProfile`.`updated_at` AS `AppUserProfile_updated_at` FROM `app_user_profile` `AppUserProfile` WHERE ((`AppUserProfile`.`user_id` = ?)) -- PARAMETERS: ["XFL00100003"]
query: START TRANSACTION
query: UPDATE `app_user_profile` SET `mv_score` = ?, `mv_detail` = ?, `updated_at` = CURRENT_TIMESTAMP WHERE ((`user_id` = ?)) -- PARAMETERS: [92,"{\"age\":{\"value\":29,\"score\":10.5,\"label\":\"26-30岁\"},\"height\":{\"value\":165,\"score\":12.5,\"label\":\"164-168cm\"},\"bmi\":{\"value\":19.100091827364558,\"score\":12.5,\"label\":\"18.5-23.9正常\"},\"appearance\":{\"value\":\"清秀\",\"score\":10.5,\"label\":\"清秀/甜美\"},\"bra_cup\":{\"value\":\"C\",\"score\":12.5,\"label\":\"C\"},\"education\":{\"value\":\"一本\",\"score\":10.5,\"label\":\"普通一本\"},\"personality\":{\"value\":4,\"score\":10.5,\"label\":\"匹配到4\"},\"family\":{\"value\":\"父母健康（家庭和睦）\",\"score\":12.5,\"label\":\"父母恩爱，相互尊重（家庭有爱）\"}}","XFL00100003"]
query: SELECT `AppUserProfile`.`user_id` AS `AppUserProfile_user_id`, `AppUserProfile`.`updated_at` AS `AppUserProfile_updated_at` FROM `app_user_profile` `AppUserProfile` WHERE `AppUserProfile`.`user_id` = ? -- PARAMETERS: ["XFL00100003"]
query: COMMIT
query: SELECT `AppUser`.`id` AS `AppUser_id`, `AppUser`.`store_id` AS `AppUser_store_id`, `AppUser`.`phone` AS `AppUser_phone`, `AppUser`.`password` AS `AppUser_password`, `AppUser`.`status` AS `AppUser_status`, `AppUser`.`created_at` AS `AppUser_created_at`, `AppUser`.`updated_at` AS `AppUser_updated_at` FROM `app_user` `AppUser` WHERE ((`AppUser`.`id` = ?)) LIMIT 1 -- PARAMETERS: ["XFL00100003"]
query: SELECT `AppUserProfile`.`user_id` AS `AppUserProfile_user_id`, `AppUserProfile`.`base_info` AS `AppUserProfile_base_info`, `AppUserProfile`.`ext_info` AS `AppUserProfile_ext_info`, `AppUserProfile`.`mv_score` AS `AppUserProfile_mv_score`, `AppUserProfile`.`mv_detail` AS `AppUserProfile_mv_detail`, `AppUserProfile`.`service_matchmaker_id` AS `AppUserProfile_service_matchmaker_id`, `AppUserProfile`.`created_at` AS `AppUserProfile_created_at`, `AppUserProfile`.`updated_at` AS `AppUserProfile_updated_at` FROM `app_user_profile` `AppUserProfile` WHERE ((`AppUserProfile`.`user_id` = ?)) LIMIT 1 -- PARAMETERS: ["XFL00100003"]
query: SELECT `Store`.`id` AS `Store_id`, `Store`.`name` AS `Store_name`, `Store`.`mv_template_id` AS `Store_mv_template_id`, `Store`.`business_license_name` AS `Store_business_license_name`, `Store`.`credit_code` AS `Store_credit_code`, `Store`.`province` AS `Store_province`, `Store`.`city` AS `Store_city`, `Store`.`district` AS `Store_district`, `Store`.`address` AS `Store_address`, `Store`.`contact_person` AS `Store_contact_person`, `Store`.`contact_phone` AS `Store_contact_phone`, `Store`.`contract_number` AS `Store_contract_number`, `Store`.`contract_start_date` AS `Store_contract_start_date`, `Store`.`contract_end_date` AS `Store_contract_end_date`, `Store`.`status` AS `Store_status`, `Store`.`created_at` AS `Store_created_at`, `Store`.`updated_at` AS `Store_updated_at` FROM `sys_store` `Store` WHERE ((`Store`.`id` = ?)) LIMIT 1 -- PARAMETERS: ["XFL001"]
query: SELECT `AssessmentRecord`.`id` AS `AssessmentRecord_id`, `AssessmentRecord`.`user_id` AS `AssessmentRecord_user_id`, `AssessmentRecord`.`type` AS `AssessmentRecord_type`, `AssessmentRecord`.`answers` AS `AssessmentRecord_answers`, `AssessmentRecord`.`result_data` AS `AssessmentRecord_result_data`, `AssessmentRecord`.`raw_scores` AS `AssessmentRecord_raw_scores`, `AssessmentRecord`.`is_latest` AS `AssessmentRecord_is_latest`, `AssessmentRecord`.`created_at` AS `AssessmentRecord_created_at`, `AssessmentRecord`.`updated_at` AS `AssessmentRecord_updated_at` FROM `assessment_record` `AssessmentRecord` WHERE ((`AssessmentRecord`.`user_id` = ?) AND (`AssessmentRecord`.`type` = ?) AND (`AssessmentRecord`.`is_latest` = ?)) ORDER BY `AssessmentRecord`.`created_at` DESC LIMIT 1 -- PARAMETERS: ["XFL00100003",1,1]
query: SELECT `AppUserProfile`.`user_id` AS `AppUserProfile_user_id`, `AppUserProfile`.`base_info` AS `AppUserProfile_base_info`, `AppUserProfile`.`ext_info` AS `AppUserProfile_ext_info`, `AppUserProfile`.`mv_score` AS `AppUserProfile_mv_score`, `AppUserProfile`.`mv_detail` AS `AppUserProfile_mv_detail`, `AppUserProfile`.`service_matchmaker_id` AS `AppUserProfile_service_matchmaker_id`, `AppUserProfile`.`created_at` AS `AppUserProfile_created_at`, `AppUserProfile`.`updated_at` AS `AppUserProfile_updated_at` FROM `app_user_profile` `AppUserProfile` WHERE ((`AppUserProfile`.`user_id` = ?)) -- PARAMETERS: ["XFL00100003"]
query: START TRANSACTION
query: UPDATE `app_user_profile` SET `mv_score` = ?, `mv_detail` = ?, `updated_at` = CURRENT_TIMESTAMP WHERE ((`user_id` = ?)) -- PARAMETERS: [92,"{\"age\":{\"value\":29,\"score\":10.5,\"label\":\"26-30岁\"},\"height\":{\"value\":165,\"score\":12.5,\"label\":\"164-168cm\"},\"bmi\":{\"value\":19.100091827364558,\"score\":12.5,\"label\":\"18.5-23.9正常\"},\"appearance\":{\"value\":\"清秀\",\"score\":10.5,\"label\":\"清秀/甜美\"},\"bra_cup\":{\"value\":\"C\",\"score\":12.5,\"label\":\"C\"},\"education\":{\"value\":\"一本\",\"score\":10.5,\"label\":\"普通一本\"},\"personality\":{\"value\":4,\"score\":10.5,\"label\":\"匹配到4\"},\"family\":{\"value\":\"父母健康（家庭和睦）\",\"score\":12.5,\"label\":\"父母恩爱，相互尊重（家庭有爱）\"}}","XFL00100003"]
query: SELECT `AppUserProfile`.`user_id` AS `AppUserProfile_user_id`, `AppUserProfile`.`updated_at` AS `AppUserProfile_updated_at` FROM `app_user_profile` `AppUserProfile` WHERE `AppUserProfile`.`user_id` = ? -- PARAMETERS: ["XFL00100003"]
query: COMMIT
query: SELECT DISTINCT `distinctAlias`.`AppUserProfile_user_id` AS `ids_AppUserProfile_user_id` FROM (SELECT `AppUserProfile`.`user_id` AS `AppUserProfile_user_id`, `AppUserProfile`.`base_info` AS `AppUserProfile_base_info`, `AppUserProfile`.`ext_info` AS `AppUserProfile_ext_info`, `AppUserProfile`.`mv_score` AS `AppUserProfile_mv_score`, `AppUserProfile`.`mv_detail` AS `AppUserProfile_mv_detail`, `AppUserProfile`.`service_matchmaker_id` AS `AppUserProfile_service_matchmaker_id`, `AppUserProfile`.`created_at` AS `AppUserProfile_created_at`, `AppUserProfile`.`updated_at` AS `AppUserProfile_updated_at`, `AppUserProfile__AppUserProfile_user`.`id` AS `AppUserProfile__AppUserProfile_user_id`, `AppUserProfile__AppUserProfile_user`.`store_id` AS `AppUserProfile__AppUserProfile_user_store_id`, `AppUserProfile__AppUserProfile_user`.`phone` AS `AppUserProfile__AppUserProfile_user_phone`, `AppUserProfile__AppUserProfile_user`.`password` AS `AppUserProfile__AppUserProfile_user_password`, `AppUserProfile__AppUserProfile_user`.`status` AS `AppUserProfile__AppUserProfile_user_status`, `AppUserProfile__AppUserProfile_user`.`created_at` AS `AppUserProfile__AppUserProfile_user_created_at`, `AppUserProfile__AppUserProfile_user`.`updated_at` AS `AppUserProfile__AppUserProfile_user_updated_at` FROM `app_user_profile` `AppUserProfile` LEFT JOIN `app_user` `AppUserProfile__AppUserProfile_user` ON `AppUserProfile__AppUserProfile_user`.`id`=`AppUserProfile`.`user_id` WHERE ((`AppUserProfile`.`user_id` = ?))) `distinctAlias` ORDER BY `AppUserProfile_user_id` ASC LIMIT 1 -- PARAMETERS: ["XFL00100003"]
query: SELECT `AppUserProfile`.`user_id` AS `AppUserProfile_user_id`, `AppUserProfile`.`base_info` AS `AppUserProfile_base_info`, `AppUserProfile`.`ext_info` AS `AppUserProfile_ext_info`, `AppUserProfile`.`mv_score` AS `AppUserProfile_mv_score`, `AppUserProfile`.`mv_detail` AS `AppUserProfile_mv_detail`, `AppUserProfile`.`service_matchmaker_id` AS `AppUserProfile_service_matchmaker_id`, `AppUserProfile`.`created_at` AS `AppUserProfile_created_at`, `AppUserProfile`.`updated_at` AS `AppUserProfile_updated_at`, `AppUserProfile__AppUserProfile_user`.`id` AS `AppUserProfile__AppUserProfile_user_id`, `AppUserProfile__AppUserProfile_user`.`store_id` AS `AppUserProfile__AppUserProfile_user_store_id`, `AppUserProfile__AppUserProfile_user`.`phone` AS `AppUserProfile__AppUserProfile_user_phone`, `AppUserProfile__AppUserProfile_user`.`password` AS `AppUserProfile__AppUserProfile_user_password`, `AppUserProfile__AppUserProfile_user`.`status` AS `AppUserProfile__AppUserProfile_user_status`, `AppUserProfile__AppUserProfile_user`.`created_at` AS `AppUserProfile__AppUserProfile_user_created_at`, `AppUserProfile__AppUserProfile_user`.`updated_at` AS `AppUserProfile__AppUserProfile_user_updated_at` FROM `app_user_profile` `AppUserProfile` LEFT JOIN `app_user` `AppUserProfile__AppUserProfile_user` ON `AppUserProfile__AppUserProfile_user`.`id`=`AppUserProfile`.`user_id` WHERE ( ((`AppUserProfile`.`user_id` = ?)) ) AND ( `AppUserProfile`.`user_id` IN (?) ) -- PARAMETERS: ["XFL00100003","XFL00100003"]
query: SELECT `AssessmentRecord`.`id` AS `AssessmentRecord_id`, `AssessmentRecord`.`user_id` AS `AssessmentRecord_user_id`, `AssessmentRecord`.`type` AS `AssessmentRecord_type`, `AssessmentRecord`.`answers` AS `AssessmentRecord_answers`, `AssessmentRecord`.`result_data` AS `AssessmentRecord_result_data`, `AssessmentRecord`.`raw_scores` AS `AssessmentRecord_raw_scores`, `AssessmentRecord`.`is_latest` AS `AssessmentRecord_is_latest`, `AssessmentRecord`.`created_at` AS `AssessmentRecord_created_at`, `AssessmentRecord`.`updated_at` AS `AssessmentRecord_updated_at` FROM `assessment_record` `AssessmentRecord` WHERE ((`AssessmentRecord`.`user_id` = ?)) ORDER BY `AssessmentRecord`.`created_at` DESC -- PARAMETERS: ["XFL00100003"]
query: SELECT `SysUser`.`id` AS `SysUser_id`, `SysUser`.`store_id` AS `SysUser_store_id`, `SysUser`.`username` AS `SysUser_username`, `SysUser`.`phone` AS `SysUser_phone`, `SysUser`.`role` AS `SysUser_role`, `SysUser`.`status` AS `SysUser_status`, `SysUser`.`created_at` AS `SysUser_created_at`, `SysUser`.`updated_at` AS `SysUser_updated_at` FROM `sys_user` `SysUser` WHERE ((`SysUser`.`store_id` = ?) AND (`SysUser`.`role` = ?)) ORDER BY `SysUser_created_at` DESC -- PARAMETERS: ["XFL001","matchmaker"]
query: SELECT `AppUserProfile`.`user_id` AS `AppUserProfile_user_id`, `AppUserProfile`.`base_info` AS `AppUserProfile_base_info`, `AppUserProfile`.`ext_info` AS `AppUserProfile_ext_info`, `AppUserProfile`.`mv_score` AS `AppUserProfile_mv_score`, `AppUserProfile`.`mv_detail` AS `AppUserProfile_mv_detail`, `AppUserProfile`.`service_matchmaker_id` AS `AppUserProfile_service_matchmaker_id`, `AppUserProfile`.`created_at` AS `AppUserProfile_created_at`, `AppUserProfile`.`updated_at` AS `AppUserProfile_updated_at` FROM `app_user_profile` `AppUserProfile` WHERE ((`AppUserProfile`.`user_id` = ?)) LIMIT 1 -- PARAMETERS: ["XFL00100003"]
query: SELECT `AppUserProfile`.`user_id` AS `AppUserProfile_user_id`, `AppUserProfile`.`base_info` AS `AppUserProfile_base_info`, `AppUserProfile`.`ext_info` AS `AppUserProfile_ext_info`, `AppUserProfile`.`mv_score` AS `AppUserProfile_mv_score`, `AppUserProfile`.`mv_detail` AS `AppUserProfile_mv_detail`, `AppUserProfile`.`service_matchmaker_id` AS `AppUserProfile_service_matchmaker_id`, `AppUserProfile`.`created_at` AS `AppUserProfile_created_at`, `AppUserProfile`.`updated_at` AS `AppUserProfile_updated_at` FROM `app_user_profile` `AppUserProfile` WHERE ((`AppUserProfile`.`user_id` = ?)) -- PARAMETERS: ["XFL00100003"]
query: START TRANSACTION
query: UPDATE `app_user_profile` SET `base_info` = ?, `ext_info` = ?, `updated_at` = CURRENT_TIMESTAMP WHERE ((`user_id` = ?)) -- PARAMETERS: ["{\"name\":\"王芳\",\"gender\":\"女\",\"height\":165,\"weight\":52,\"birthday\":\"1996-05-10\",\"marriage\":\"未婚\",\"education\":\"普通一本\",\"ethnicity\":\"汉族\"}","{\"braCup\":\"C\",\"appearance\":\"清秀\",\"parentsMaritalStatus\":\"父母健康（家庭和睦）\",\"serviceStatusRemark\":\"\",\"serviceFee\":null,\"serviceStartDate\":null,\"serviceEndDate\":null,\"healthCondition\":\"\",\"thalassemiaDetail\":\"\",\"graduatedSchool\":\"\",\"major\":\"\",\"residenceCity\":\"\",\"company\":\"\",\"jobTitle\":\"\",\"hometown\":\"\",\"housingDetail\":\"\",\"parentsEducation\":\"\",\"eqScore\":[],\"hobbies\":\"\",\"skills\":\"\",\"matchmakerComments\":\"\",\"intro\":\"\",\"partnerRequirements\":\"\",\"remarks\":\"\"}","XFL00100003"]
query: SELECT `AppUserProfile`.`user_id` AS `AppUserProfile_user_id`, `AppUserProfile`.`updated_at` AS `AppUserProfile_updated_at` FROM `app_user_profile` `AppUserProfile` WHERE `AppUserProfile`.`user_id` = ? -- PARAMETERS: ["XFL00100003"]
query: COMMIT
query: SELECT `AppUserProfile`.`user_id` AS `AppUserProfile_user_id`, `AppUserProfile`.`base_info` AS `AppUserProfile_base_info`, `AppUserProfile`.`ext_info` AS `AppUserProfile_ext_info`, `AppUserProfile`.`mv_score` AS `AppUserProfile_mv_score`, `AppUserProfile`.`mv_detail` AS `AppUserProfile_mv_detail`, `AppUserProfile`.`service_matchmaker_id` AS `AppUserProfile_service_matchmaker_id`, `AppUserProfile`.`created_at` AS `AppUserProfile_created_at`, `AppUserProfile`.`updated_at` AS `AppUserProfile_updated_at` FROM `app_user_profile` `AppUserProfile` WHERE ((`AppUserProfile`.`user_id` = ?)) LIMIT 1 -- PARAMETERS: ["XFL00100003"]
query: SELECT `AppUserProfile`.`user_id` AS `AppUserProfile_user_id`, `AppUserProfile`.`base_info` AS `AppUserProfile_base_info`, `AppUserProfile`.`ext_info` AS `AppUserProfile_ext_info`, `AppUserProfile`.`mv_score` AS `AppUserProfile_mv_score`, `AppUserProfile`.`mv_detail` AS `AppUserProfile_mv_detail`, `AppUserProfile`.`service_matchmaker_id` AS `AppUserProfile_service_matchmaker_id`, `AppUserProfile`.`created_at` AS `AppUserProfile_created_at`, `AppUserProfile`.`updated_at` AS `AppUserProfile_updated_at` FROM `app_user_profile` `AppUserProfile` WHERE ((`AppUserProfile`.`user_id` = ?)) -- PARAMETERS: ["XFL00100003"]
query: SELECT `AppUserProfile`.`user_id` AS `AppUserProfile_user_id`, `AppUserProfile`.`base_info` AS `AppUserProfile_base_info`, `AppUserProfile`.`ext_info` AS `AppUserProfile_ext_info`, `AppUserProfile`.`mv_score` AS `AppUserProfile_mv_score`, `AppUserProfile`.`mv_detail` AS `AppUserProfile_mv_detail`, `AppUserProfile`.`service_matchmaker_id` AS `AppUserProfile_service_matchmaker_id`, `AppUserProfile`.`created_at` AS `AppUserProfile_created_at`, `AppUserProfile`.`updated_at` AS `AppUserProfile_updated_at` FROM `app_user_profile` `AppUserProfile` WHERE ((`AppUserProfile`.`user_id` = ?)) LIMIT 1 -- PARAMETERS: ["XFL00100003"]
query: SELECT `AppUserProfile`.`user_id` AS `AppUserProfile_user_id`, `AppUserProfile`.`base_info` AS `AppUserProfile_base_info`, `AppUserProfile`.`ext_info` AS `AppUserProfile_ext_info`, `AppUserProfile`.`mv_score` AS `AppUserProfile_mv_score`, `AppUserProfile`.`mv_detail` AS `AppUserProfile_mv_detail`, `AppUserProfile`.`service_matchmaker_id` AS `AppUserProfile_service_matchmaker_id`, `AppUserProfile`.`created_at` AS `AppUserProfile_created_at`, `AppUserProfile`.`updated_at` AS `AppUserProfile_updated_at` FROM `app_user_profile` `AppUserProfile` WHERE ((`AppUserProfile`.`user_id` = ?)) -- PARAMETERS: ["XFL00100003"]
query: SELECT `AppUser`.`id` AS `AppUser_id`, `AppUser`.`store_id` AS `AppUser_store_id`, `AppUser`.`phone` AS `AppUser_phone`, `AppUser`.`password` AS `AppUser_password`, `AppUser`.`status` AS `AppUser_status`, `AppUser`.`created_at` AS `AppUser_created_at`, `AppUser`.`updated_at` AS `AppUser_updated_at` FROM `app_user` `AppUser` WHERE ((`AppUser`.`id` = ?)) LIMIT 1 -- PARAMETERS: ["XFL00100003"]
query: SELECT `AppUserProfile`.`user_id` AS `AppUserProfile_user_id`, `AppUserProfile`.`base_info` AS `AppUserProfile_base_info`, `AppUserProfile`.`ext_info` AS `AppUserProfile_ext_info`, `AppUserProfile`.`mv_score` AS `AppUserProfile_mv_score`, `AppUserProfile`.`mv_detail` AS `AppUserProfile_mv_detail`, `AppUserProfile`.`service_matchmaker_id` AS `AppUserProfile_service_matchmaker_id`, `AppUserProfile`.`created_at` AS `AppUserProfile_created_at`, `AppUserProfile`.`updated_at` AS `AppUserProfile_updated_at` FROM `app_user_profile` `AppUserProfile` WHERE ((`AppUserProfile`.`user_id` = ?)) LIMIT 1 -- PARAMETERS: ["XFL00100003"]
query: SELECT `Store`.`id` AS `Store_id`, `Store`.`name` AS `Store_name`, `Store`.`mv_template_id` AS `Store_mv_template_id`, `Store`.`business_license_name` AS `Store_business_license_name`, `Store`.`credit_code` AS `Store_credit_code`, `Store`.`province` AS `Store_province`, `Store`.`city` AS `Store_city`, `Store`.`district` AS `Store_district`, `Store`.`address` AS `Store_address`, `Store`.`contact_person` AS `Store_contact_person`, `Store`.`contact_phone` AS `Store_contact_phone`, `Store`.`contract_number` AS `Store_contract_number`, `Store`.`contract_start_date` AS `Store_contract_start_date`, `Store`.`contract_end_date` AS `Store_contract_end_date`, `Store`.`status` AS `Store_status`, `Store`.`created_at` AS `Store_created_at`, `Store`.`updated_at` AS `Store_updated_at` FROM `sys_store` `Store` WHERE ((`Store`.`id` = ?)) LIMIT 1 -- PARAMETERS: ["XFL001"]
query: SELECT `AssessmentRecord`.`id` AS `AssessmentRecord_id`, `AssessmentRecord`.`user_id` AS `AssessmentRecord_user_id`, `AssessmentRecord`.`type` AS `AssessmentRecord_type`, `AssessmentRecord`.`answers` AS `AssessmentRecord_answers`, `AssessmentRecord`.`result_data` AS `AssessmentRecord_result_data`, `AssessmentRecord`.`raw_scores` AS `AssessmentRecord_raw_scores`, `AssessmentRecord`.`is_latest` AS `AssessmentRecord_is_latest`, `AssessmentRecord`.`created_at` AS `AssessmentRecord_created_at`, `AssessmentRecord`.`updated_at` AS `AssessmentRecord_updated_at` FROM `assessment_record` `AssessmentRecord` WHERE ((`AssessmentRecord`.`user_id` = ?) AND (`AssessmentRecord`.`type` = ?) AND (`AssessmentRecord`.`is_latest` = ?)) ORDER BY `AssessmentRecord`.`created_at` DESC LIMIT 1 -- PARAMETERS: ["XFL00100003",1,1]
query: SELECT `AppUserProfile`.`user_id` AS `AppUserProfile_user_id`, `AppUserProfile`.`base_info` AS `AppUserProfile_base_info`, `AppUserProfile`.`ext_info` AS `AppUserProfile_ext_info`, `AppUserProfile`.`mv_score` AS `AppUserProfile_mv_score`, `AppUserProfile`.`mv_detail` AS `AppUserProfile_mv_detail`, `AppUserProfile`.`service_matchmaker_id` AS `AppUserProfile_service_matchmaker_id`, `AppUserProfile`.`created_at` AS `AppUserProfile_created_at`, `AppUserProfile`.`updated_at` AS `AppUserProfile_updated_at` FROM `app_user_profile` `AppUserProfile` WHERE ((`AppUserProfile`.`user_id` = ?)) -- PARAMETERS: ["XFL00100003"]
query: START TRANSACTION
query: UPDATE `app_user_profile` SET `mv_score` = ?, `mv_detail` = ?, `updated_at` = CURRENT_TIMESTAMP WHERE ((`user_id` = ?)) -- PARAMETERS: [92,"{\"age\":{\"value\":29,\"score\":10.5,\"label\":\"26-30岁\"},\"height\":{\"value\":165,\"score\":12.5,\"label\":\"164-168cm\"},\"bmi\":{\"value\":19.100091827364558,\"score\":12.5,\"label\":\"18.5-23.9正常\"},\"appearance\":{\"value\":\"清秀\",\"score\":10.5,\"label\":\"清秀/甜美\"},\"bra_cup\":{\"value\":\"C\",\"score\":12.5,\"label\":\"C\"},\"education\":{\"value\":\"普通一本\",\"score\":10.5,\"label\":\"普通一本\"},\"personality\":{\"value\":4,\"score\":10.5,\"label\":\"匹配到4\"},\"family\":{\"value\":\"父母健康（家庭和睦）\",\"score\":12.5,\"label\":\"父母恩爱，相互尊重（家庭有爱）\"}}","XFL00100003"]
query: SELECT `AppUserProfile`.`user_id` AS `AppUserProfile_user_id`, `AppUserProfile`.`updated_at` AS `AppUserProfile_updated_at` FROM `app_user_profile` `AppUserProfile` WHERE `AppUserProfile`.`user_id` = ? -- PARAMETERS: ["XFL00100003"]
query: COMMIT
query: SELECT `user`.`id` AS `user_id`, `user`.`store_id` AS `user_store_id`, `user`.`phone` AS `user_phone`, `user`.`password` AS `user_password`, `user`.`status` AS `user_status`, `user`.`created_at` AS `user_created_at`, `user`.`updated_at` AS `user_updated_at` FROM `app_user` `user` WHERE `user`.`store_id` = ? ORDER BY `user`.`created_at` DESC LIMIT 20 OFFSET 0 -- PARAMETERS: ["XFL001"]
query: SELECT `AppUserProfile`.`user_id` AS `AppUserProfile_user_id`, `AppUserProfile`.`base_info` AS `AppUserProfile_base_info`, `AppUserProfile`.`ext_info` AS `AppUserProfile_ext_info`, `AppUserProfile`.`mv_score` AS `AppUserProfile_mv_score`, `AppUserProfile`.`mv_detail` AS `AppUserProfile_mv_detail`, `AppUserProfile`.`service_matchmaker_id` AS `AppUserProfile_service_matchmaker_id`, `AppUserProfile`.`created_at` AS `AppUserProfile_created_at`, `AppUserProfile`.`updated_at` AS `AppUserProfile_updated_at` FROM `app_user_profile` `AppUserProfile` WHERE ((`AppUserProfile`.`user_id` = ?) OR (`AppUserProfile`.`user_id` = ?) OR (`AppUserProfile`.`user_id` = ?) OR (`AppUserProfile`.`user_id` = ?) OR (`AppUserProfile`.`user_id` = ?) OR (`AppUserProfile`.`user_id` = ?) OR (`AppUserProfile`.`user_id` = ?) OR (`AppUserProfile`.`user_id` = ?) OR (`AppUserProfile`.`user_id` = ?) OR (`AppUserProfile`.`user_id` = ?) OR (`AppUserProfile`.`user_id` = ?) OR (`AppUserProfile`.`user_id` = ?) OR (`AppUserProfile`.`user_id` = ?) OR (`AppUserProfile`.`user_id` = ?) OR (`AppUserProfile`.`user_id` = ?)) -- PARAMETERS: ["XFL00100843","XFL00100008","XFL00100009","XFL00100001","XFL00100002","XFL00100003","XFL00100004","XFL00100005","XFL00100006","XFL00100007","XFL00184035","XFL00167228","XFL00150421","XFL00133614","XFL00116807"]
🔍 [Manual] 查询到的用户数: 15
🔍 [Manual] 第一个用户ID: XFL00100843
🔍 [Manual] 第一个用户是否有profile: true
🔍 [Manual] profile.baseInfo: {"name":"MM","gender":"男","height":180,"weight":160,"birthday":"1950-01-01","marriage":"未婚","education":"高中及以下","ethnicity":"汉族"}
query: SELECT DISTINCT `distinctAlias`.`AppUserProfile_user_id` AS `ids_AppUserProfile_user_id` FROM (SELECT `AppUserProfile`.`user_id` AS `AppUserProfile_user_id`, `AppUserProfile`.`base_info` AS `AppUserProfile_base_info`, `AppUserProfile`.`ext_info` AS `AppUserProfile_ext_info`, `AppUserProfile`.`mv_score` AS `AppUserProfile_mv_score`, `AppUserProfile`.`mv_detail` AS `AppUserProfile_mv_detail`, `AppUserProfile`.`service_matchmaker_id` AS `AppUserProfile_service_matchmaker_id`, `AppUserProfile`.`created_at` AS `AppUserProfile_created_at`, `AppUserProfile`.`updated_at` AS `AppUserProfile_updated_at`, `AppUserProfile__AppUserProfile_user`.`id` AS `AppUserProfile__AppUserProfile_user_id`, `AppUserProfile__AppUserProfile_user`.`store_id` AS `AppUserProfile__AppUserProfile_user_store_id`, `AppUserProfile__AppUserProfile_user`.`phone` AS `AppUserProfile__AppUserProfile_user_phone`, `AppUserProfile__AppUserProfile_user`.`password` AS `AppUserProfile__AppUserProfile_user_password`, `AppUserProfile__AppUserProfile_user`.`status` AS `AppUserProfile__AppUserProfile_user_status`, `AppUserProfile__AppUserProfile_user`.`created_at` AS `AppUserProfile__AppUserProfile_user_created_at`, `AppUserProfile__AppUserProfile_user`.`updated_at` AS `AppUserProfile__AppUserProfile_user_updated_at` FROM `app_user_profile` `AppUserProfile` LEFT JOIN `app_user` `AppUserProfile__AppUserProfile_user` ON `AppUserProfile__AppUserProfile_user`.`id`=`AppUserProfile`.`user_id` WHERE ((`AppUserProfile`.`user_id` = ?))) `distinctAlias` ORDER BY `AppUserProfile_user_id` ASC LIMIT 1 -- PARAMETERS: ["XFL00100008"]
query: SELECT `AppUserProfile`.`user_id` AS `AppUserProfile_user_id`, `AppUserProfile`.`base_info` AS `AppUserProfile_base_info`, `AppUserProfile`.`ext_info` AS `AppUserProfile_ext_info`, `AppUserProfile`.`mv_score` AS `AppUserProfile_mv_score`, `AppUserProfile`.`mv_detail` AS `AppUserProfile_mv_detail`, `AppUserProfile`.`service_matchmaker_id` AS `AppUserProfile_service_matchmaker_id`, `AppUserProfile`.`created_at` AS `AppUserProfile_created_at`, `AppUserProfile`.`updated_at` AS `AppUserProfile_updated_at`, `AppUserProfile__AppUserProfile_user`.`id` AS `AppUserProfile__AppUserProfile_user_id`, `AppUserProfile__AppUserProfile_user`.`store_id` AS `AppUserProfile__AppUserProfile_user_store_id`, `AppUserProfile__AppUserProfile_user`.`phone` AS `AppUserProfile__AppUserProfile_user_phone`, `AppUserProfile__AppUserProfile_user`.`password` AS `AppUserProfile__AppUserProfile_user_password`, `AppUserProfile__AppUserProfile_user`.`status` AS `AppUserProfile__AppUserProfile_user_status`, `AppUserProfile__AppUserProfile_user`.`created_at` AS `AppUserProfile__AppUserProfile_user_created_at`, `AppUserProfile__AppUserProfile_user`.`updated_at` AS `AppUserProfile__AppUserProfile_user_updated_at` FROM `app_user_profile` `AppUserProfile` LEFT JOIN `app_user` `AppUserProfile__AppUserProfile_user` ON `AppUserProfile__AppUserProfile_user`.`id`=`AppUserProfile`.`user_id` WHERE ( ((`AppUserProfile`.`user_id` = ?)) ) AND ( `AppUserProfile`.`user_id` IN (?) ) -- PARAMETERS: ["XFL00100008","XFL00100008"]
query: SELECT `AssessmentRecord`.`id` AS `AssessmentRecord_id`, `AssessmentRecord`.`user_id` AS `AssessmentRecord_user_id`, `AssessmentRecord`.`type` AS `AssessmentRecord_type`, `AssessmentRecord`.`answers` AS `AssessmentRecord_answers`, `AssessmentRecord`.`result_data` AS `AssessmentRecord_result_data`, `AssessmentRecord`.`raw_scores` AS `AssessmentRecord_raw_scores`, `AssessmentRecord`.`is_latest` AS `AssessmentRecord_is_latest`, `AssessmentRecord`.`created_at` AS `AssessmentRecord_created_at`, `AssessmentRecord`.`updated_at` AS `AssessmentRecord_updated_at` FROM `assessment_record` `AssessmentRecord` WHERE ((`AssessmentRecord`.`user_id` = ?)) ORDER BY `AssessmentRecord`.`created_at` DESC -- PARAMETERS: ["XFL00100008"]
query: SELECT `SysUser`.`id` AS `SysUser_id`, `SysUser`.`store_id` AS `SysUser_store_id`, `SysUser`.`username` AS `SysUser_username`, `SysUser`.`phone` AS `SysUser_phone`, `SysUser`.`role` AS `SysUser_role`, `SysUser`.`status` AS `SysUser_status`, `SysUser`.`created_at` AS `SysUser_created_at`, `SysUser`.`updated_at` AS `SysUser_updated_at` FROM `sys_user` `SysUser` WHERE ((`SysUser`.`store_id` = ?) AND (`SysUser`.`role` = ?)) ORDER BY `SysUser_created_at` DESC -- PARAMETERS: ["XFL001","matchmaker"]
query: SELECT `user`.`id` AS `user_id`, `user`.`store_id` AS `user_store_id`, `user`.`phone` AS `user_phone`, `user`.`password` AS `user_password`, `user`.`status` AS `user_status`, `user`.`created_at` AS `user_created_at`, `user`.`updated_at` AS `user_updated_at` FROM `app_user` `user` WHERE `user`.`store_id` = ? ORDER BY `user`.`created_at` DESC LIMIT 20 OFFSET 0 -- PARAMETERS: ["XFL001"]
query: SELECT `AppUserProfile`.`user_id` AS `AppUserProfile_user_id`, `AppUserProfile`.`base_info` AS `AppUserProfile_base_info`, `AppUserProfile`.`ext_info` AS `AppUserProfile_ext_info`, `AppUserProfile`.`mv_score` AS `AppUserProfile_mv_score`, `AppUserProfile`.`mv_detail` AS `AppUserProfile_mv_detail`, `AppUserProfile`.`service_matchmaker_id` AS `AppUserProfile_service_matchmaker_id`, `AppUserProfile`.`created_at` AS `AppUserProfile_created_at`, `AppUserProfile`.`updated_at` AS `AppUserProfile_updated_at` FROM `app_user_profile` `AppUserProfile` WHERE ((`AppUserProfile`.`user_id` = ?) OR (`AppUserProfile`.`user_id` = ?) OR (`AppUserProfile`.`user_id` = ?) OR (`AppUserProfile`.`user_id` = ?) OR (`AppUserProfile`.`user_id` = ?) OR (`AppUserProfile`.`user_id` = ?) OR (`AppUserProfile`.`user_id` = ?) OR (`AppUserProfile`.`user_id` = ?) OR (`AppUserProfile`.`user_id` = ?) OR (`AppUserProfile`.`user_id` = ?) OR (`AppUserProfile`.`user_id` = ?) OR (`AppUserProfile`.`user_id` = ?) OR (`AppUserProfile`.`user_id` = ?) OR (`AppUserProfile`.`user_id` = ?) OR (`AppUserProfile`.`user_id` = ?)) -- PARAMETERS: ["XFL00100843","XFL00100008","XFL00100009","XFL00100001","XFL00100002","XFL00100003","XFL00100004","XFL00100005","XFL00100006","XFL00100007","XFL00184035","XFL00167228","XFL00150421","XFL00133614","XFL00116807"]
🔍 [Manual] 查询到的用户数: 15
🔍 [Manual] 第一个用户ID: XFL00100843
🔍 [Manual] 第一个用户是否有profile: true
🔍 [Manual] profile.baseInfo: {"name":"MM","gender":"男","height":180,"weight":160,"birthday":"1950-01-01","marriage":"未婚","education":"高中及以下","ethnicity":"汉族"}
query: SELECT DISTINCT `distinctAlias`.`AppUserProfile_user_id` AS `ids_AppUserProfile_user_id` FROM (SELECT `AppUserProfile`.`user_id` AS `AppUserProfile_user_id`, `AppUserProfile`.`base_info` AS `AppUserProfile_base_info`, `AppUserProfile`.`ext_info` AS `AppUserProfile_ext_info`, `AppUserProfile`.`mv_score` AS `AppUserProfile_mv_score`, `AppUserProfile`.`mv_detail` AS `AppUserProfile_mv_detail`, `AppUserProfile`.`service_matchmaker_id` AS `AppUserProfile_service_matchmaker_id`, `AppUserProfile`.`created_at` AS `AppUserProfile_created_at`, `AppUserProfile`.`updated_at` AS `AppUserProfile_updated_at`, `AppUserProfile__AppUserProfile_user`.`id` AS `AppUserProfile__AppUserProfile_user_id`, `AppUserProfile__AppUserProfile_user`.`store_id` AS `AppUserProfile__AppUserProfile_user_store_id`, `AppUserProfile__AppUserProfile_user`.`phone` AS `AppUserProfile__AppUserProfile_user_phone`, `AppUserProfile__AppUserProfile_user`.`password` AS `AppUserProfile__AppUserProfile_user_password`, `AppUserProfile__AppUserProfile_user`.`status` AS `AppUserProfile__AppUserProfile_user_status`, `AppUserProfile__AppUserProfile_user`.`created_at` AS `AppUserProfile__AppUserProfile_user_created_at`, `AppUserProfile__AppUserProfile_user`.`updated_at` AS `AppUserProfile__AppUserProfile_user_updated_at` FROM `app_user_profile` `AppUserProfile` LEFT JOIN `app_user` `AppUserProfile__AppUserProfile_user` ON `AppUserProfile__AppUserProfile_user`.`id`=`AppUserProfile`.`user_id` WHERE ((`AppUserProfile`.`user_id` = ?))) `distinctAlias` ORDER BY `AppUserProfile_user_id` ASC LIMIT 1 -- PARAMETERS: ["XFL00100009"]
query: SELECT `AppUserProfile`.`user_id` AS `AppUserProfile_user_id`, `AppUserProfile`.`base_info` AS `AppUserProfile_base_info`, `AppUserProfile`.`ext_info` AS `AppUserProfile_ext_info`, `AppUserProfile`.`mv_score` AS `AppUserProfile_mv_score`, `AppUserProfile`.`mv_detail` AS `AppUserProfile_mv_detail`, `AppUserProfile`.`service_matchmaker_id` AS `AppUserProfile_service_matchmaker_id`, `AppUserProfile`.`created_at` AS `AppUserProfile_created_at`, `AppUserProfile`.`updated_at` AS `AppUserProfile_updated_at`, `AppUserProfile__AppUserProfile_user`.`id` AS `AppUserProfile__AppUserProfile_user_id`, `AppUserProfile__AppUserProfile_user`.`store_id` AS `AppUserProfile__AppUserProfile_user_store_id`, `AppUserProfile__AppUserProfile_user`.`phone` AS `AppUserProfile__AppUserProfile_user_phone`, `AppUserProfile__AppUserProfile_user`.`password` AS `AppUserProfile__AppUserProfile_user_password`, `AppUserProfile__AppUserProfile_user`.`status` AS `AppUserProfile__AppUserProfile_user_status`, `AppUserProfile__AppUserProfile_user`.`created_at` AS `AppUserProfile__AppUserProfile_user_created_at`, `AppUserProfile__AppUserProfile_user`.`updated_at` AS `AppUserProfile__AppUserProfile_user_updated_at` FROM `app_user_profile` `AppUserProfile` LEFT JOIN `app_user` `AppUserProfile__AppUserProfile_user` ON `AppUserProfile__AppUserProfile_user`.`id`=`AppUserProfile`.`user_id` WHERE ( ((`AppUserProfile`.`user_id` = ?)) ) AND ( `AppUserProfile`.`user_id` IN (?) ) -- PARAMETERS: ["XFL00100009","XFL00100009"]
query: SELECT `AssessmentRecord`.`id` AS `AssessmentRecord_id`, `AssessmentRecord`.`user_id` AS `AssessmentRecord_user_id`, `AssessmentRecord`.`type` AS `AssessmentRecord_type`, `AssessmentRecord`.`answers` AS `AssessmentRecord_answers`, `AssessmentRecord`.`result_data` AS `AssessmentRecord_result_data`, `AssessmentRecord`.`raw_scores` AS `AssessmentRecord_raw_scores`, `AssessmentRecord`.`is_latest` AS `AssessmentRecord_is_latest`, `AssessmentRecord`.`created_at` AS `AssessmentRecord_created_at`, `AssessmentRecord`.`updated_at` AS `AssessmentRecord_updated_at` FROM `assessment_record` `AssessmentRecord` WHERE ((`AssessmentRecord`.`user_id` = ?)) ORDER BY `AssessmentRecord`.`created_at` DESC -- PARAMETERS: ["XFL00100009"]
query: SELECT `SysUser`.`id` AS `SysUser_id`, `SysUser`.`store_id` AS `SysUser_store_id`, `SysUser`.`username` AS `SysUser_username`, `SysUser`.`phone` AS `SysUser_phone`, `SysUser`.`role` AS `SysUser_role`, `SysUser`.`status` AS `SysUser_status`, `SysUser`.`created_at` AS `SysUser_created_at`, `SysUser`.`updated_at` AS `SysUser_updated_at` FROM `sys_user` `SysUser` WHERE ((`SysUser`.`store_id` = ?) AND (`SysUser`.`role` = ?)) ORDER BY `SysUser_created_at` DESC -- PARAMETERS: ["XFL001","matchmaker"]
query: SELECT `AppUserProfile`.`user_id` AS `AppUserProfile_user_id`, `AppUserProfile`.`base_info` AS `AppUserProfile_base_info`, `AppUserProfile`.`ext_info` AS `AppUserProfile_ext_info`, `AppUserProfile`.`mv_score` AS `AppUserProfile_mv_score`, `AppUserProfile`.`mv_detail` AS `AppUserProfile_mv_detail`, `AppUserProfile`.`service_matchmaker_id` AS `AppUserProfile_service_matchmaker_id`, `AppUserProfile`.`created_at` AS `AppUserProfile_created_at`, `AppUserProfile`.`updated_at` AS `AppUserProfile_updated_at` FROM `app_user_profile` `AppUserProfile` WHERE ((`AppUserProfile`.`user_id` = ?)) LIMIT 1 -- PARAMETERS: ["XFL00100009"]
query: SELECT `AppUserProfile`.`user_id` AS `AppUserProfile_user_id`, `AppUserProfile`.`base_info` AS `AppUserProfile_base_info`, `AppUserProfile`.`ext_info` AS `AppUserProfile_ext_info`, `AppUserProfile`.`mv_score` AS `AppUserProfile_mv_score`, `AppUserProfile`.`mv_detail` AS `AppUserProfile_mv_detail`, `AppUserProfile`.`service_matchmaker_id` AS `AppUserProfile_service_matchmaker_id`, `AppUserProfile`.`created_at` AS `AppUserProfile_created_at`, `AppUserProfile`.`updated_at` AS `AppUserProfile_updated_at` FROM `app_user_profile` `AppUserProfile` WHERE ((`AppUserProfile`.`user_id` = ?)) -- PARAMETERS: ["XFL00100009"]
query: START TRANSACTION
query: UPDATE `app_user_profile` SET `base_info` = ?, `ext_info` = ?, `updated_at` = CURRENT_TIMESTAMP WHERE ((`user_id` = ?)) -- PARAMETERS: ["{\"name\":\"陈小雨\",\"gender\":\"女\",\"height\":155,\"weight\":45,\"birthday\":\"1996-12-20\",\"marriage\":\"未婚\",\"education\":\"普通一本\",\"ethnicity\":\"汉族\"}","{\"braCup\":\"B\",\"appearance\":\"可爱\",\"parentsMaritalStatus\":\"父母健康（家庭和睦）\",\"serviceStatusRemark\":\"\",\"serviceFee\":null,\"serviceStartDate\":null,\"serviceEndDate\":null,\"healthCondition\":\"\",\"thalassemiaDetail\":\"\",\"graduatedSchool\":\"\",\"major\":\"\",\"residenceCity\":\"\",\"company\":\"\",\"jobTitle\":\"\",\"hometown\":\"\",\"housingDetail\":\"\",\"parentsEducation\":\"\",\"eqScore\":[],\"hobbies\":\"\",\"skills\":\"\",\"matchmakerComments\":\"\",\"intro\":\"\",\"partnerRequirements\":\"\",\"remarks\":\"\"}","XFL00100009"]
query: SELECT `AppUserProfile`.`user_id` AS `AppUserProfile_user_id`, `AppUserProfile`.`updated_at` AS `AppUserProfile_updated_at` FROM `app_user_profile` `AppUserProfile` WHERE `AppUserProfile`.`user_id` = ? -- PARAMETERS: ["XFL00100009"]
query: COMMIT
query: SELECT `AppUserProfile`.`user_id` AS `AppUserProfile_user_id`, `AppUserProfile`.`base_info` AS `AppUserProfile_base_info`, `AppUserProfile`.`ext_info` AS `AppUserProfile_ext_info`, `AppUserProfile`.`mv_score` AS `AppUserProfile_mv_score`, `AppUserProfile`.`mv_detail` AS `AppUserProfile_mv_detail`, `AppUserProfile`.`service_matchmaker_id` AS `AppUserProfile_service_matchmaker_id`, `AppUserProfile`.`created_at` AS `AppUserProfile_created_at`, `AppUserProfile`.`updated_at` AS `AppUserProfile_updated_at` FROM `app_user_profile` `AppUserProfile` WHERE ((`AppUserProfile`.`user_id` = ?)) LIMIT 1 -- PARAMETERS: ["XFL00100009"]
query: SELECT `AppUserProfile`.`user_id` AS `AppUserProfile_user_id`, `AppUserProfile`.`base_info` AS `AppUserProfile_base_info`, `AppUserProfile`.`ext_info` AS `AppUserProfile_ext_info`, `AppUserProfile`.`mv_score` AS `AppUserProfile_mv_score`, `AppUserProfile`.`mv_detail` AS `AppUserProfile_mv_detail`, `AppUserProfile`.`service_matchmaker_id` AS `AppUserProfile_service_matchmaker_id`, `AppUserProfile`.`created_at` AS `AppUserProfile_created_at`, `AppUserProfile`.`updated_at` AS `AppUserProfile_updated_at` FROM `app_user_profile` `AppUserProfile` WHERE ((`AppUserProfile`.`user_id` = ?)) -- PARAMETERS: ["XFL00100009"]
query: SELECT `AppUserProfile`.`user_id` AS `AppUserProfile_user_id`, `AppUserProfile`.`base_info` AS `AppUserProfile_base_info`, `AppUserProfile`.`ext_info` AS `AppUserProfile_ext_info`, `AppUserProfile`.`mv_score` AS `AppUserProfile_mv_score`, `AppUserProfile`.`mv_detail` AS `AppUserProfile_mv_detail`, `AppUserProfile`.`service_matchmaker_id` AS `AppUserProfile_service_matchmaker_id`, `AppUserProfile`.`created_at` AS `AppUserProfile_created_at`, `AppUserProfile`.`updated_at` AS `AppUserProfile_updated_at` FROM `app_user_profile` `AppUserProfile` WHERE ((`AppUserProfile`.`user_id` = ?)) LIMIT 1 -- PARAMETERS: ["XFL00100009"]
query: SELECT `AppUserProfile`.`user_id` AS `AppUserProfile_user_id`, `AppUserProfile`.`base_info` AS `AppUserProfile_base_info`, `AppUserProfile`.`ext_info` AS `AppUserProfile_ext_info`, `AppUserProfile`.`mv_score` AS `AppUserProfile_mv_score`, `AppUserProfile`.`mv_detail` AS `AppUserProfile_mv_detail`, `AppUserProfile`.`service_matchmaker_id` AS `AppUserProfile_service_matchmaker_id`, `AppUserProfile`.`created_at` AS `AppUserProfile_created_at`, `AppUserProfile`.`updated_at` AS `AppUserProfile_updated_at` FROM `app_user_profile` `AppUserProfile` WHERE ((`AppUserProfile`.`user_id` = ?)) -- PARAMETERS: ["XFL00100009"]
query: SELECT `AppUserProfile`.`user_id` AS `AppUserProfile_user_id`, `AppUserProfile`.`base_info` AS `AppUserProfile_base_info`, `AppUserProfile`.`ext_info` AS `AppUserProfile_ext_info`, `AppUserProfile`.`mv_score` AS `AppUserProfile_mv_score`, `AppUserProfile`.`mv_detail` AS `AppUserProfile_mv_detail`, `AppUserProfile`.`service_matchmaker_id` AS `AppUserProfile_service_matchmaker_id`, `AppUserProfile`.`created_at` AS `AppUserProfile_created_at`, `AppUserProfile`.`updated_at` AS `AppUserProfile_updated_at` FROM `app_user_profile` `AppUserProfile` WHERE ((`AppUserProfile`.`user_id` = ?)) LIMIT 1 -- PARAMETERS: ["XFL00100009"]
query: SELECT `AppUserProfile`.`user_id` AS `AppUserProfile_user_id`, `AppUserProfile`.`base_info` AS `AppUserProfile_base_info`, `AppUserProfile`.`ext_info` AS `AppUserProfile_ext_info`, `AppUserProfile`.`mv_score` AS `AppUserProfile_mv_score`, `AppUserProfile`.`mv_detail` AS `AppUserProfile_mv_detail`, `AppUserProfile`.`service_matchmaker_id` AS `AppUserProfile_service_matchmaker_id`, `AppUserProfile`.`created_at` AS `AppUserProfile_created_at`, `AppUserProfile`.`updated_at` AS `AppUserProfile_updated_at` FROM `app_user_profile` `AppUserProfile` WHERE ((`AppUserProfile`.`user_id` = ?)) -- PARAMETERS: ["XFL00100009"]
query: SELECT `user`.`id` AS `user_id`, `user`.`store_id` AS `user_store_id`, `user`.`phone` AS `user_phone`, `user`.`password` AS `user_password`, `user`.`status` AS `user_status`, `user`.`created_at` AS `user_created_at`, `user`.`updated_at` AS `user_updated_at` FROM `app_user` `user` WHERE `user`.`store_id` = ? ORDER BY `user`.`created_at` DESC LIMIT 20 OFFSET 0 -- PARAMETERS: ["XFL001"]
query: SELECT `AppUserProfile`.`user_id` AS `AppUserProfile_user_id`, `AppUserProfile`.`base_info` AS `AppUserProfile_base_info`, `AppUserProfile`.`ext_info` AS `AppUserProfile_ext_info`, `AppUserProfile`.`mv_score` AS `AppUserProfile_mv_score`, `AppUserProfile`.`mv_detail` AS `AppUserProfile_mv_detail`, `AppUserProfile`.`service_matchmaker_id` AS `AppUserProfile_service_matchmaker_id`, `AppUserProfile`.`created_at` AS `AppUserProfile_created_at`, `AppUserProfile`.`updated_at` AS `AppUserProfile_updated_at` FROM `app_user_profile` `AppUserProfile` WHERE ((`AppUserProfile`.`user_id` = ?) OR (`AppUserProfile`.`user_id` = ?) OR (`AppUserProfile`.`user_id` = ?) OR (`AppUserProfile`.`user_id` = ?) OR (`AppUserProfile`.`user_id` = ?) OR (`AppUserProfile`.`user_id` = ?) OR (`AppUserProfile`.`user_id` = ?) OR (`AppUserProfile`.`user_id` = ?) OR (`AppUserProfile`.`user_id` = ?) OR (`AppUserProfile`.`user_id` = ?) OR (`AppUserProfile`.`user_id` = ?) OR (`AppUserProfile`.`user_id` = ?) OR (`AppUserProfile`.`user_id` = ?) OR (`AppUserProfile`.`user_id` = ?) OR (`AppUserProfile`.`user_id` = ?)) -- PARAMETERS: ["XFL00100843","XFL00100008","XFL00100009","XFL00100001","XFL00100002","XFL00100003","XFL00100004","XFL00100005","XFL00100006","XFL00100007","XFL00184035","XFL00167228","XFL00150421","XFL00133614","XFL00116807"]
🔍 [Manual] 查询到的用户数: 15
🔍 [Manual] 第一个用户ID: XFL00100843
🔍 [Manual] 第一个用户是否有profile: true
🔍 [Manual] profile.baseInfo: {"name":"MM","gender":"男","height":180,"weight":160,"birthday":"1950-01-01","marriage":"未婚","education":"高中及以下","ethnicity":"汉族"}
query: SELECT DISTINCT `distinctAlias`.`AppUserProfile_user_id` AS `ids_AppUserProfile_user_id` FROM (SELECT `AppUserProfile`.`user_id` AS `AppUserProfile_user_id`, `AppUserProfile`.`base_info` AS `AppUserProfile_base_info`, `AppUserProfile`.`ext_info` AS `AppUserProfile_ext_info`, `AppUserProfile`.`mv_score` AS `AppUserProfile_mv_score`, `AppUserProfile`.`mv_detail` AS `AppUserProfile_mv_detail`, `AppUserProfile`.`service_matchmaker_id` AS `AppUserProfile_service_matchmaker_id`, `AppUserProfile`.`created_at` AS `AppUserProfile_created_at`, `AppUserProfile`.`updated_at` AS `AppUserProfile_updated_at`, `AppUserProfile__AppUserProfile_user`.`id` AS `AppUserProfile__AppUserProfile_user_id`, `AppUserProfile__AppUserProfile_user`.`store_id` AS `AppUserProfile__AppUserProfile_user_store_id`, `AppUserProfile__AppUserProfile_user`.`phone` AS `AppUserProfile__AppUserProfile_user_phone`, `AppUserProfile__AppUserProfile_user`.`password` AS `AppUserProfile__AppUserProfile_user_password`, `AppUserProfile__AppUserProfile_user`.`status` AS `AppUserProfile__AppUserProfile_user_status`, `AppUserProfile__AppUserProfile_user`.`created_at` AS `AppUserProfile__AppUserProfile_user_created_at`, `AppUserProfile__AppUserProfile_user`.`updated_at` AS `AppUserProfile__AppUserProfile_user_updated_at` FROM `app_user_profile` `AppUserProfile` LEFT JOIN `app_user` `AppUserProfile__AppUserProfile_user` ON `AppUserProfile__AppUserProfile_user`.`id`=`AppUserProfile`.`user_id` WHERE ((`AppUserProfile`.`user_id` = ?))) `distinctAlias` ORDER BY `AppUserProfile_user_id` ASC LIMIT 1 -- PARAMETERS: ["XFL00100009"]
query: SELECT `AppUserProfile`.`user_id` AS `AppUserProfile_user_id`, `AppUserProfile`.`base_info` AS `AppUserProfile_base_info`, `AppUserProfile`.`ext_info` AS `AppUserProfile_ext_info`, `AppUserProfile`.`mv_score` AS `AppUserProfile_mv_score`, `AppUserProfile`.`mv_detail` AS `AppUserProfile_mv_detail`, `AppUserProfile`.`service_matchmaker_id` AS `AppUserProfile_service_matchmaker_id`, `AppUserProfile`.`created_at` AS `AppUserProfile_created_at`, `AppUserProfile`.`updated_at` AS `AppUserProfile_updated_at`, `AppUserProfile__AppUserProfile_user`.`id` AS `AppUserProfile__AppUserProfile_user_id`, `AppUserProfile__AppUserProfile_user`.`store_id` AS `AppUserProfile__AppUserProfile_user_store_id`, `AppUserProfile__AppUserProfile_user`.`phone` AS `AppUserProfile__AppUserProfile_user_phone`, `AppUserProfile__AppUserProfile_user`.`password` AS `AppUserProfile__AppUserProfile_user_password`, `AppUserProfile__AppUserProfile_user`.`status` AS `AppUserProfile__AppUserProfile_user_status`, `AppUserProfile__AppUserProfile_user`.`created_at` AS `AppUserProfile__AppUserProfile_user_created_at`, `AppUserProfile__AppUserProfile_user`.`updated_at` AS `AppUserProfile__AppUserProfile_user_updated_at` FROM `app_user_profile` `AppUserProfile` LEFT JOIN `app_user` `AppUserProfile__AppUserProfile_user` ON `AppUserProfile__AppUserProfile_user`.`id`=`AppUserProfile`.`user_id` WHERE ( ((`AppUserProfile`.`user_id` = ?)) ) AND ( `AppUserProfile`.`user_id` IN (?) ) -- PARAMETERS: ["XFL00100009","XFL00100009"]
query: SELECT `AssessmentRecord`.`id` AS `AssessmentRecord_id`, `AssessmentRecord`.`user_id` AS `AssessmentRecord_user_id`, `AssessmentRecord`.`type` AS `AssessmentRecord_type`, `AssessmentRecord`.`answers` AS `AssessmentRecord_answers`, `AssessmentRecord`.`result_data` AS `AssessmentRecord_result_data`, `AssessmentRecord`.`raw_scores` AS `AssessmentRecord_raw_scores`, `AssessmentRecord`.`is_latest` AS `AssessmentRecord_is_latest`, `AssessmentRecord`.`created_at` AS `AssessmentRecord_created_at`, `AssessmentRecord`.`updated_at` AS `AssessmentRecord_updated_at` FROM `assessment_record` `AssessmentRecord` WHERE ((`AssessmentRecord`.`user_id` = ?)) ORDER BY `AssessmentRecord`.`created_at` DESC -- PARAMETERS: ["XFL00100009"]
query: SELECT `SysUser`.`id` AS `SysUser_id`, `SysUser`.`store_id` AS `SysUser_store_id`, `SysUser`.`username` AS `SysUser_username`, `SysUser`.`phone` AS `SysUser_phone`, `SysUser`.`role` AS `SysUser_role`, `SysUser`.`status` AS `SysUser_status`, `SysUser`.`created_at` AS `SysUser_created_at`, `SysUser`.`updated_at` AS `SysUser_updated_at` FROM `sys_user` `SysUser` WHERE ((`SysUser`.`store_id` = ?) AND (`SysUser`.`role` = ?)) ORDER BY `SysUser_created_at` DESC -- PARAMETERS: ["XFL001","matchmaker"]
query: SELECT `AppUser`.`id` AS `AppUser_id`, `AppUser`.`store_id` AS `AppUser_store_id`, `AppUser`.`phone` AS `AppUser_phone`, `AppUser`.`password` AS `AppUser_password`, `AppUser`.`status` AS `AppUser_status`, `AppUser`.`created_at` AS `AppUser_created_at`, `AppUser`.`updated_at` AS `AppUser_updated_at` FROM `app_user` `AppUser` WHERE ((`AppUser`.`id` = ?)) LIMIT 1 -- PARAMETERS: ["XFL00100009"]
query: SELECT `AppUserProfile`.`user_id` AS `AppUserProfile_user_id`, `AppUserProfile`.`base_info` AS `AppUserProfile_base_info`, `AppUserProfile`.`ext_info` AS `AppUserProfile_ext_info`, `AppUserProfile`.`mv_score` AS `AppUserProfile_mv_score`, `AppUserProfile`.`mv_detail` AS `AppUserProfile_mv_detail`, `AppUserProfile`.`service_matchmaker_id` AS `AppUserProfile_service_matchmaker_id`, `AppUserProfile`.`created_at` AS `AppUserProfile_created_at`, `AppUserProfile`.`updated_at` AS `AppUserProfile_updated_at` FROM `app_user_profile` `AppUserProfile` WHERE ((`AppUserProfile`.`user_id` = ?)) LIMIT 1 -- PARAMETERS: ["XFL00100009"]
query: SELECT `Store`.`id` AS `Store_id`, `Store`.`name` AS `Store_name`, `Store`.`mv_template_id` AS `Store_mv_template_id`, `Store`.`business_license_name` AS `Store_business_license_name`, `Store`.`credit_code` AS `Store_credit_code`, `Store`.`province` AS `Store_province`, `Store`.`city` AS `Store_city`, `Store`.`district` AS `Store_district`, `Store`.`address` AS `Store_address`, `Store`.`contact_person` AS `Store_contact_person`, `Store`.`contact_phone` AS `Store_contact_phone`, `Store`.`contract_number` AS `Store_contract_number`, `Store`.`contract_start_date` AS `Store_contract_start_date`, `Store`.`contract_end_date` AS `Store_contract_end_date`, `Store`.`status` AS `Store_status`, `Store`.`created_at` AS `Store_created_at`, `Store`.`updated_at` AS `Store_updated_at` FROM `sys_store` `Store` WHERE ((`Store`.`id` = ?)) LIMIT 1 -- PARAMETERS: ["XFL001"]
query: SELECT `AssessmentRecord`.`id` AS `AssessmentRecord_id`, `AssessmentRecord`.`user_id` AS `AssessmentRecord_user_id`, `AssessmentRecord`.`type` AS `AssessmentRecord_type`, `AssessmentRecord`.`answers` AS `AssessmentRecord_answers`, `AssessmentRecord`.`result_data` AS `AssessmentRecord_result_data`, `AssessmentRecord`.`raw_scores` AS `AssessmentRecord_raw_scores`, `AssessmentRecord`.`is_latest` AS `AssessmentRecord_is_latest`, `AssessmentRecord`.`created_at` AS `AssessmentRecord_created_at`, `AssessmentRecord`.`updated_at` AS `AssessmentRecord_updated_at` FROM `assessment_record` `AssessmentRecord` WHERE ((`AssessmentRecord`.`user_id` = ?) AND (`AssessmentRecord`.`type` = ?) AND (`AssessmentRecord`.`is_latest` = ?)) ORDER BY `AssessmentRecord`.`created_at` DESC LIMIT 1 -- PARAMETERS: ["XFL00100009",1,1]
query: SELECT `AppUserProfile`.`user_id` AS `AppUserProfile_user_id`, `AppUserProfile`.`base_info` AS `AppUserProfile_base_info`, `AppUserProfile`.`ext_info` AS `AppUserProfile_ext_info`, `AppUserProfile`.`mv_score` AS `AppUserProfile_mv_score`, `AppUserProfile`.`mv_detail` AS `AppUserProfile_mv_detail`, `AppUserProfile`.`service_matchmaker_id` AS `AppUserProfile_service_matchmaker_id`, `AppUserProfile`.`created_at` AS `AppUserProfile_created_at`, `AppUserProfile`.`updated_at` AS `AppUserProfile_updated_at` FROM `app_user_profile` `AppUserProfile` WHERE ((`AppUserProfile`.`user_id` = ?)) -- PARAMETERS: ["XFL00100009"]
query: START TRANSACTION
query: UPDATE `app_user_profile` SET `mv_score` = ?, `mv_detail` = ?, `updated_at` = CURRENT_TIMESTAMP WHERE ((`user_id` = ?)) -- PARAMETERS: [77.5,"{\"age\":{\"value\":29,\"score\":10.5,\"label\":\"26-30岁\"},\"height\":{\"value\":155,\"score\":8.5,\"label\":\"158cm以下\"},\"bmi\":{\"value\":18.730489073881373,\"score\":12.5,\"label\":\"18.5-23.9正常\"},\"appearance\":{\"value\":\"可爱\",\"score\":10.5,\"label\":\"清秀/甜美\"},\"bra_cup\":{\"value\":\"B\",\"score\":12.5,\"label\":\"B\"},\"education\":{\"value\":\"普通一本\",\"score\":10.5,\"label\":\"普通一本\"},\"personality\":{\"value\":0,\"score\":0,\"label\":\"未测评\"},\"family\":{\"value\":\"父母健康（家庭和睦）\",\"score\":12.5,\"label\":\"父母恩爱，相互尊重（家庭有爱）\"}}","XFL00100009"]
query: SELECT `AppUserProfile`.`user_id` AS `AppUserProfile_user_id`, `AppUserProfile`.`updated_at` AS `AppUserProfile_updated_at` FROM `app_user_profile` `AppUserProfile` WHERE `AppUserProfile`.`user_id` = ? -- PARAMETERS: ["XFL00100009"]
query: COMMIT
query: SELECT `user`.`id` AS `user_id`, `user`.`store_id` AS `user_store_id`, `user`.`phone` AS `user_phone`, `user`.`password` AS `user_password`, `user`.`status` AS `user_status`, `user`.`created_at` AS `user_created_at`, `user`.`updated_at` AS `user_updated_at` FROM `app_user` `user` WHERE `user`.`store_id` = ? ORDER BY `user`.`created_at` DESC LIMIT 20 OFFSET 0 -- PARAMETERS: ["XFL001"]
query: SELECT `AppUserProfile`.`user_id` AS `AppUserProfile_user_id`, `AppUserProfile`.`base_info` AS `AppUserProfile_base_info`, `AppUserProfile`.`ext_info` AS `AppUserProfile_ext_info`, `AppUserProfile`.`mv_score` AS `AppUserProfile_mv_score`, `AppUserProfile`.`mv_detail` AS `AppUserProfile_mv_detail`, `AppUserProfile`.`service_matchmaker_id` AS `AppUserProfile_service_matchmaker_id`, `AppUserProfile`.`created_at` AS `AppUserProfile_created_at`, `AppUserProfile`.`updated_at` AS `AppUserProfile_updated_at` FROM `app_user_profile` `AppUserProfile` WHERE ((`AppUserProfile`.`user_id` = ?) OR (`AppUserProfile`.`user_id` = ?) OR (`AppUserProfile`.`user_id` = ?) OR (`AppUserProfile`.`user_id` = ?) OR (`AppUserProfile`.`user_id` = ?) OR (`AppUserProfile`.`user_id` = ?) OR (`AppUserProfile`.`user_id` = ?) OR (`AppUserProfile`.`user_id` = ?) OR (`AppUserProfile`.`user_id` = ?) OR (`AppUserProfile`.`user_id` = ?) OR (`AppUserProfile`.`user_id` = ?) OR (`AppUserProfile`.`user_id` = ?) OR (`AppUserProfile`.`user_id` = ?) OR (`AppUserProfile`.`user_id` = ?) OR (`AppUserProfile`.`user_id` = ?)) -- PARAMETERS: ["XFL00100843","XFL00100008","XFL00100009","XFL00100001","XFL00100002","XFL00100003","XFL00100004","XFL00100005","XFL00100006","XFL00100007","XFL00184035","XFL00167228","XFL00150421","XFL00133614","XFL00116807"]
🔍 [Manual] 查询到的用户数: 15
🔍 [Manual] 第一个用户ID: XFL00100843
🔍 [Manual] 第一个用户是否有profile: true
🔍 [Manual] profile.baseInfo: {"name":"MM","gender":"男","height":180,"weight":160,"birthday":"1950-01-01","marriage":"未婚","education":"高中及以下","ethnicity":"汉族"}
query: SELECT DISTINCT `distinctAlias`.`AppUserProfile_user_id` AS `ids_AppUserProfile_user_id` FROM (SELECT `AppUserProfile`.`user_id` AS `AppUserProfile_user_id`, `AppUserProfile`.`base_info` AS `AppUserProfile_base_info`, `AppUserProfile`.`ext_info` AS `AppUserProfile_ext_info`, `AppUserProfile`.`mv_score` AS `AppUserProfile_mv_score`, `AppUserProfile`.`mv_detail` AS `AppUserProfile_mv_detail`, `AppUserProfile`.`service_matchmaker_id` AS `AppUserProfile_service_matchmaker_id`, `AppUserProfile`.`created_at` AS `AppUserProfile_created_at`, `AppUserProfile`.`updated_at` AS `AppUserProfile_updated_at`, `AppUserProfile__AppUserProfile_user`.`id` AS `AppUserProfile__AppUserProfile_user_id`, `AppUserProfile__AppUserProfile_user`.`store_id` AS `AppUserProfile__AppUserProfile_user_store_id`, `AppUserProfile__AppUserProfile_user`.`phone` AS `AppUserProfile__AppUserProfile_user_phone`, `AppUserProfile__AppUserProfile_user`.`password` AS `AppUserProfile__AppUserProfile_user_password`, `AppUserProfile__AppUserProfile_user`.`status` AS `AppUserProfile__AppUserProfile_user_status`, `AppUserProfile__AppUserProfile_user`.`created_at` AS `AppUserProfile__AppUserProfile_user_created_at`, `AppUserProfile__AppUserProfile_user`.`updated_at` AS `AppUserProfile__AppUserProfile_user_updated_at` FROM `app_user_profile` `AppUserProfile` LEFT JOIN `app_user` `AppUserProfile__AppUserProfile_user` ON `AppUserProfile__AppUserProfile_user`.`id`=`AppUserProfile`.`user_id` WHERE ((`AppUserProfile`.`user_id` = ?))) `distinctAlias` ORDER BY `AppUserProfile_user_id` ASC LIMIT 1 -- PARAMETERS: ["XFL00100008"]
query: SELECT `AppUserProfile`.`user_id` AS `AppUserProfile_user_id`, `AppUserProfile`.`base_info` AS `AppUserProfile_base_info`, `AppUserProfile`.`ext_info` AS `AppUserProfile_ext_info`, `AppUserProfile`.`mv_score` AS `AppUserProfile_mv_score`, `AppUserProfile`.`mv_detail` AS `AppUserProfile_mv_detail`, `AppUserProfile`.`service_matchmaker_id` AS `AppUserProfile_service_matchmaker_id`, `AppUserProfile`.`created_at` AS `AppUserProfile_created_at`, `AppUserProfile`.`updated_at` AS `AppUserProfile_updated_at`, `AppUserProfile__AppUserProfile_user`.`id` AS `AppUserProfile__AppUserProfile_user_id`, `AppUserProfile__AppUserProfile_user`.`store_id` AS `AppUserProfile__AppUserProfile_user_store_id`, `AppUserProfile__AppUserProfile_user`.`phone` AS `AppUserProfile__AppUserProfile_user_phone`, `AppUserProfile__AppUserProfile_user`.`password` AS `AppUserProfile__AppUserProfile_user_password`, `AppUserProfile__AppUserProfile_user`.`status` AS `AppUserProfile__AppUserProfile_user_status`, `AppUserProfile__AppUserProfile_user`.`created_at` AS `AppUserProfile__AppUserProfile_user_created_at`, `AppUserProfile__AppUserProfile_user`.`updated_at` AS `AppUserProfile__AppUserProfile_user_updated_at` FROM `app_user_profile` `AppUserProfile` LEFT JOIN `app_user` `AppUserProfile__AppUserProfile_user` ON `AppUserProfile__AppUserProfile_user`.`id`=`AppUserProfile`.`user_id` WHERE ( ((`AppUserProfile`.`user_id` = ?)) ) AND ( `AppUserProfile`.`user_id` IN (?) ) -- PARAMETERS: ["XFL00100008","XFL00100008"]
query: SELECT `AssessmentRecord`.`id` AS `AssessmentRecord_id`, `AssessmentRecord`.`user_id` AS `AssessmentRecord_user_id`, `AssessmentRecord`.`type` AS `AssessmentRecord_type`, `AssessmentRecord`.`answers` AS `AssessmentRecord_answers`, `AssessmentRecord`.`result_data` AS `AssessmentRecord_result_data`, `AssessmentRecord`.`raw_scores` AS `AssessmentRecord_raw_scores`, `AssessmentRecord`.`is_latest` AS `AssessmentRecord_is_latest`, `AssessmentRecord`.`created_at` AS `AssessmentRecord_created_at`, `AssessmentRecord`.`updated_at` AS `AssessmentRecord_updated_at` FROM `assessment_record` `AssessmentRecord` WHERE ((`AssessmentRecord`.`user_id` = ?)) ORDER BY `AssessmentRecord`.`created_at` DESC -- PARAMETERS: ["XFL00100008"]
query: SELECT `SysUser`.`id` AS `SysUser_id`, `SysUser`.`store_id` AS `SysUser_store_id`, `SysUser`.`username` AS `SysUser_username`, `SysUser`.`phone` AS `SysUser_phone`, `SysUser`.`role` AS `SysUser_role`, `SysUser`.`status` AS `SysUser_status`, `SysUser`.`created_at` AS `SysUser_created_at`, `SysUser`.`updated_at` AS `SysUser_updated_at` FROM `sys_user` `SysUser` WHERE ((`SysUser`.`store_id` = ?) AND (`SysUser`.`role` = ?)) ORDER BY `SysUser_created_at` DESC -- PARAMETERS: ["XFL001","matchmaker"]
query: SELECT `user`.`id` AS `user_id`, `user`.`store_id` AS `user_store_id`, `user`.`phone` AS `user_phone`, `user`.`password` AS `user_password`, `user`.`status` AS `user_status`, `user`.`created_at` AS `user_created_at`, `user`.`updated_at` AS `user_updated_at` FROM `app_user` `user` WHERE `user`.`store_id` = ? ORDER BY `user`.`created_at` DESC LIMIT 20 OFFSET 0 -- PARAMETERS: ["XFL001"]
query: SELECT `AppUserProfile`.`user_id` AS `AppUserProfile_user_id`, `AppUserProfile`.`base_info` AS `AppUserProfile_base_info`, `AppUserProfile`.`ext_info` AS `AppUserProfile_ext_info`, `AppUserProfile`.`mv_score` AS `AppUserProfile_mv_score`, `AppUserProfile`.`mv_detail` AS `AppUserProfile_mv_detail`, `AppUserProfile`.`service_matchmaker_id` AS `AppUserProfile_service_matchmaker_id`, `AppUserProfile`.`created_at` AS `AppUserProfile_created_at`, `AppUserProfile`.`updated_at` AS `AppUserProfile_updated_at` FROM `app_user_profile` `AppUserProfile` WHERE ((`AppUserProfile`.`user_id` = ?) OR (`AppUserProfile`.`user_id` = ?) OR (`AppUserProfile`.`user_id` = ?) OR (`AppUserProfile`.`user_id` = ?) OR (`AppUserProfile`.`user_id` = ?) OR (`AppUserProfile`.`user_id` = ?) OR (`AppUserProfile`.`user_id` = ?) OR (`AppUserProfile`.`user_id` = ?) OR (`AppUserProfile`.`user_id` = ?) OR (`AppUserProfile`.`user_id` = ?) OR (`AppUserProfile`.`user_id` = ?) OR (`AppUserProfile`.`user_id` = ?) OR (`AppUserProfile`.`user_id` = ?) OR (`AppUserProfile`.`user_id` = ?) OR (`AppUserProfile`.`user_id` = ?)) -- PARAMETERS: ["XFL00100843","XFL00100008","XFL00100009","XFL00100001","XFL00100002","XFL00100003","XFL00100004","XFL00100005","XFL00100006","XFL00100007","XFL00184035","XFL00167228","XFL00150421","XFL00133614","XFL00116807"]
🔍 [Manual] 查询到的用户数: 15
🔍 [Manual] 第一个用户ID: XFL00100843
🔍 [Manual] 第一个用户是否有profile: true
🔍 [Manual] profile.baseInfo: {"name":"MM","gender":"男","height":180,"weight":160,"birthday":"1950-01-01","marriage":"未婚","education":"高中及以下","ethnicity":"汉族"}
query: SELECT DISTINCT `distinctAlias`.`AppUserProfile_user_id` AS `ids_AppUserProfile_user_id` FROM (SELECT `AppUserProfile`.`user_id` AS `AppUserProfile_user_id`, `AppUserProfile`.`base_info` AS `AppUserProfile_base_info`, `AppUserProfile`.`ext_info` AS `AppUserProfile_ext_info`, `AppUserProfile`.`mv_score` AS `AppUserProfile_mv_score`, `AppUserProfile`.`mv_detail` AS `AppUserProfile_mv_detail`, `AppUserProfile`.`service_matchmaker_id` AS `AppUserProfile_service_matchmaker_id`, `AppUserProfile`.`created_at` AS `AppUserProfile_created_at`, `AppUserProfile`.`updated_at` AS `AppUserProfile_updated_at`, `AppUserProfile__AppUserProfile_user`.`id` AS `AppUserProfile__AppUserProfile_user_id`, `AppUserProfile__AppUserProfile_user`.`store_id` AS `AppUserProfile__AppUserProfile_user_store_id`, `AppUserProfile__AppUserProfile_user`.`phone` AS `AppUserProfile__AppUserProfile_user_phone`, `AppUserProfile__AppUserProfile_user`.`password` AS `AppUserProfile__AppUserProfile_user_password`, `AppUserProfile__AppUserProfile_user`.`status` AS `AppUserProfile__AppUserProfile_user_status`, `AppUserProfile__AppUserProfile_user`.`created_at` AS `AppUserProfile__AppUserProfile_user_created_at`, `AppUserProfile__AppUserProfile_user`.`updated_at` AS `AppUserProfile__AppUserProfile_user_updated_at` FROM `app_user_profile` `AppUserProfile` LEFT JOIN `app_user` `AppUserProfile__AppUserProfile_user` ON `AppUserProfile__AppUserProfile_user`.`id`=`AppUserProfile`.`user_id` WHERE ((`AppUserProfile`.`user_id` = ?))) `distinctAlias` ORDER BY `AppUserProfile_user_id` ASC LIMIT 1 -- PARAMETERS: ["XFL00100003"]
query: SELECT `AppUserProfile`.`user_id` AS `AppUserProfile_user_id`, `AppUserProfile`.`base_info` AS `AppUserProfile_base_info`, `AppUserProfile`.`ext_info` AS `AppUserProfile_ext_info`, `AppUserProfile`.`mv_score` AS `AppUserProfile_mv_score`, `AppUserProfile`.`mv_detail` AS `AppUserProfile_mv_detail`, `AppUserProfile`.`service_matchmaker_id` AS `AppUserProfile_service_matchmaker_id`, `AppUserProfile`.`created_at` AS `AppUserProfile_created_at`, `AppUserProfile`.`updated_at` AS `AppUserProfile_updated_at`, `AppUserProfile__AppUserProfile_user`.`id` AS `AppUserProfile__AppUserProfile_user_id`, `AppUserProfile__AppUserProfile_user`.`store_id` AS `AppUserProfile__AppUserProfile_user_store_id`, `AppUserProfile__AppUserProfile_user`.`phone` AS `AppUserProfile__AppUserProfile_user_phone`, `AppUserProfile__AppUserProfile_user`.`password` AS `AppUserProfile__AppUserProfile_user_password`, `AppUserProfile__AppUserProfile_user`.`status` AS `AppUserProfile__AppUserProfile_user_status`, `AppUserProfile__AppUserProfile_user`.`created_at` AS `AppUserProfile__AppUserProfile_user_created_at`, `AppUserProfile__AppUserProfile_user`.`updated_at` AS `AppUserProfile__AppUserProfile_user_updated_at` FROM `app_user_profile` `AppUserProfile` LEFT JOIN `app_user` `AppUserProfile__AppUserProfile_user` ON `AppUserProfile__AppUserProfile_user`.`id`=`AppUserProfile`.`user_id` WHERE ( ((`AppUserProfile`.`user_id` = ?)) ) AND ( `AppUserProfile`.`user_id` IN (?) ) -- PARAMETERS: ["XFL00100003","XFL00100003"]
query: SELECT `AssessmentRecord`.`id` AS `AssessmentRecord_id`, `AssessmentRecord`.`user_id` AS `AssessmentRecord_user_id`, `AssessmentRecord`.`type` AS `AssessmentRecord_type`, `AssessmentRecord`.`answers` AS `AssessmentRecord_answers`, `AssessmentRecord`.`result_data` AS `AssessmentRecord_result_data`, `AssessmentRecord`.`raw_scores` AS `AssessmentRecord_raw_scores`, `AssessmentRecord`.`is_latest` AS `AssessmentRecord_is_latest`, `AssessmentRecord`.`created_at` AS `AssessmentRecord_created_at`, `AssessmentRecord`.`updated_at` AS `AssessmentRecord_updated_at` FROM `assessment_record` `AssessmentRecord` WHERE ((`AssessmentRecord`.`user_id` = ?)) ORDER BY `AssessmentRecord`.`created_at` DESC -- PARAMETERS: ["XFL00100003"]
query: SELECT `SysUser`.`id` AS `SysUser_id`, `SysUser`.`store_id` AS `SysUser_store_id`, `SysUser`.`username` AS `SysUser_username`, `SysUser`.`phone` AS `SysUser_phone`, `SysUser`.`role` AS `SysUser_role`, `SysUser`.`status` AS `SysUser_status`, `SysUser`.`created_at` AS `SysUser_created_at`, `SysUser`.`updated_at` AS `SysUser_updated_at` FROM `sys_user` `SysUser` WHERE ((`SysUser`.`store_id` = ?) AND (`SysUser`.`role` = ?)) ORDER BY `SysUser_created_at` DESC -- PARAMETERS: ["XFL001","matchmaker"]
query: SELECT `AppUser`.`id` AS `AppUser_id`, `AppUser`.`store_id` AS `AppUser_store_id`, `AppUser`.`phone` AS `AppUser_phone`, `AppUser`.`password` AS `AppUser_password`, `AppUser`.`status` AS `AppUser_status`, `AppUser`.`created_at` AS `AppUser_created_at`, `AppUser`.`updated_at` AS `AppUser_updated_at` FROM `app_user` `AppUser` WHERE ((`AppUser`.`id` = ?)) LIMIT 1 -- PARAMETERS: ["XFL00100003"]
query: SELECT `AppUserProfile`.`user_id` AS `AppUserProfile_user_id`, `AppUserProfile`.`base_info` AS `AppUserProfile_base_info`, `AppUserProfile`.`ext_info` AS `AppUserProfile_ext_info`, `AppUserProfile`.`mv_score` AS `AppUserProfile_mv_score`, `AppUserProfile`.`mv_detail` AS `AppUserProfile_mv_detail`, `AppUserProfile`.`service_matchmaker_id` AS `AppUserProfile_service_matchmaker_id`, `AppUserProfile`.`created_at` AS `AppUserProfile_created_at`, `AppUserProfile`.`updated_at` AS `AppUserProfile_updated_at` FROM `app_user_profile` `AppUserProfile` WHERE ((`AppUserProfile`.`user_id` = ?)) LIMIT 1 -- PARAMETERS: ["XFL00100003"]
query: SELECT `Store`.`id` AS `Store_id`, `Store`.`name` AS `Store_name`, `Store`.`mv_template_id` AS `Store_mv_template_id`, `Store`.`business_license_name` AS `Store_business_license_name`, `Store`.`credit_code` AS `Store_credit_code`, `Store`.`province` AS `Store_province`, `Store`.`city` AS `Store_city`, `Store`.`district` AS `Store_district`, `Store`.`address` AS `Store_address`, `Store`.`contact_person` AS `Store_contact_person`, `Store`.`contact_phone` AS `Store_contact_phone`, `Store`.`contract_number` AS `Store_contract_number`, `Store`.`contract_start_date` AS `Store_contract_start_date`, `Store`.`contract_end_date` AS `Store_contract_end_date`, `Store`.`status` AS `Store_status`, `Store`.`created_at` AS `Store_created_at`, `Store`.`updated_at` AS `Store_updated_at` FROM `sys_store` `Store` WHERE ((`Store`.`id` = ?)) LIMIT 1 -- PARAMETERS: ["XFL001"]
query: SELECT `AssessmentRecord`.`id` AS `AssessmentRecord_id`, `AssessmentRecord`.`user_id` AS `AssessmentRecord_user_id`, `AssessmentRecord`.`type` AS `AssessmentRecord_type`, `AssessmentRecord`.`answers` AS `AssessmentRecord_answers`, `AssessmentRecord`.`result_data` AS `AssessmentRecord_result_data`, `AssessmentRecord`.`raw_scores` AS `AssessmentRecord_raw_scores`, `AssessmentRecord`.`is_latest` AS `AssessmentRecord_is_latest`, `AssessmentRecord`.`created_at` AS `AssessmentRecord_created_at`, `AssessmentRecord`.`updated_at` AS `AssessmentRecord_updated_at` FROM `assessment_record` `AssessmentRecord` WHERE ((`AssessmentRecord`.`user_id` = ?) AND (`AssessmentRecord`.`type` = ?) AND (`AssessmentRecord`.`is_latest` = ?)) ORDER BY `AssessmentRecord`.`created_at` DESC LIMIT 1 -- PARAMETERS: ["XFL00100003",1,1]
query: SELECT `AppUserProfile`.`user_id` AS `AppUserProfile_user_id`, `AppUserProfile`.`base_info` AS `AppUserProfile_base_info`, `AppUserProfile`.`ext_info` AS `AppUserProfile_ext_info`, `AppUserProfile`.`mv_score` AS `AppUserProfile_mv_score`, `AppUserProfile`.`mv_detail` AS `AppUserProfile_mv_detail`, `AppUserProfile`.`service_matchmaker_id` AS `AppUserProfile_service_matchmaker_id`, `AppUserProfile`.`created_at` AS `AppUserProfile_created_at`, `AppUserProfile`.`updated_at` AS `AppUserProfile_updated_at` FROM `app_user_profile` `AppUserProfile` WHERE ((`AppUserProfile`.`user_id` = ?)) -- PARAMETERS: ["XFL00100003"]
query: START TRANSACTION
query: UPDATE `app_user_profile` SET `mv_score` = ?, `mv_detail` = ?, `updated_at` = CURRENT_TIMESTAMP WHERE ((`user_id` = ?)) -- PARAMETERS: [92,"{\"age\":{\"value\":29,\"score\":10.5,\"label\":\"26-30岁\"},\"height\":{\"value\":165,\"score\":12.5,\"label\":\"164-168cm\"},\"bmi\":{\"value\":19.100091827364558,\"score\":12.5,\"label\":\"18.5-23.9正常\"},\"appearance\":{\"value\":\"清秀\",\"score\":10.5,\"label\":\"清秀/甜美\"},\"bra_cup\":{\"value\":\"C\",\"score\":12.5,\"label\":\"C\"},\"education\":{\"value\":\"普通一本\",\"score\":10.5,\"label\":\"普通一本\"},\"personality\":{\"value\":4,\"score\":10.5,\"label\":\"匹配到4\"},\"family\":{\"value\":\"父母健康（家庭和睦）\",\"score\":12.5,\"label\":\"父母恩爱，相互尊重（家庭有爱）\"}}","XFL00100003"]
query: SELECT `AppUserProfile`.`user_id` AS `AppUserProfile_user_id`, `AppUserProfile`.`updated_at` AS `AppUserProfile_updated_at` FROM `app_user_profile` `AppUserProfile` WHERE `AppUserProfile`.`user_id` = ? -- PARAMETERS: ["XFL00100003"]
query: COMMIT
